  [1m[35m (2.1ms)[0m  [1m[34mSELECT sqlite_version(*)[0m
  [1m[35m (5.1ms)[0m  [1m[35mCREATE TABLE "schema_migrations" ("version" varchar NOT NULL PRIMARY KEY)[0m
  [1m[35m (3.4ms)[0m  [1m[35mCREATE TABLE "ar_internal_metadata" ("key" varchar NOT NULL PRIMARY KEY, "value" varchar, "created_at" datetime(6) NOT NULL, "updated_at" datetime(6) NOT NULL)[0m
  [1m[36mActiveRecord::SchemaMigration Pluck (0.2ms)[0m  [1m[34mSELECT "schema_migrations"."version" FROM "schema_migrations" ORDER BY "schema_migrations"."version" ASC[0m
Migrating to CreateUrlManager (20220730160320)
  [1m[36mTRANSACTION (0.1ms)[0m  [1m[36mbegin transaction[0m
  [1m[35m (0.4ms)[0m  [1m[35mCREATE TABLE "url_managers" ("id" integer PRIMARY KEY AUTOINCREMENT NOT NULL, "url_large" varchar NOT NULL, "short_code" varchar NOT NULL, "alexa_rank" integer DEFAULT 0, "counter" integer DEFAULT 0, "created_at" datetime(6) NOT NULL, "updated_at" datetime(6) NOT NULL)[0m
  [1m[36mActiveRecord::SchemaMigration Create (0.2ms)[0m  [1m[32mINSERT INTO "schema_migrations" ("version") VALUES (?)[0m  [["version", "20220730160320"]]
  [1m[36mTRANSACTION (3.5ms)[0m  [1m[36mcommit transaction[0m
  [1m[36mActiveRecord::InternalMetadata Load (0.3ms)[0m  [1m[34mSELECT "ar_internal_metadata".* FROM "ar_internal_metadata" WHERE "ar_internal_metadata"."key" = ? LIMIT ?[0m  [["key", "environment"], ["LIMIT", 1]]
  [1m[36mTRANSACTION (0.1ms)[0m  [1m[36mbegin transaction[0m
  [1m[36mActiveRecord::InternalMetadata Create (0.6ms)[0m  [1m[32mINSERT INTO "ar_internal_metadata" ("key", "value", "created_at", "updated_at") VALUES (?, ?, ?, ?)[0m  [["key", "environment"], ["value", "development"], ["created_at", "2022-07-30 16:10:26.790107"], ["updated_at", "2022-07-30 16:10:26.790107"]]
  [1m[36mTRANSACTION (3.1ms)[0m  [1m[36mcommit transaction[0m
  [1m[35m (0.1ms)[0m  [1m[34mSELECT sqlite_version(*)[0m
  [1m[36mActiveRecord::SchemaMigration Pluck (0.2ms)[0m  [1m[34mSELECT "schema_migrations"."version" FROM "schema_migrations" ORDER BY "schema_migrations"."version" ASC[0m
  [1m[35m (1.1ms)[0m  [1m[34mSELECT sqlite_version(*)[0m
  [1m[36mUrlManager Load (0.2ms)[0m  [1m[34mSELECT "url_managers".* FROM "url_managers" ORDER BY "url_managers"."id" DESC LIMIT ?[0m  [["LIMIT", 1]]
Started POST "/url_shortener" for ::1 at 2022-07-30 11:41:40 -0500
  [1m[35m (1.0ms)[0m  [1m[34mSELECT sqlite_version(*)[0m
  [1m[36mActiveRecord::SchemaMigration Pluck (0.3ms)[0m  [1m[34mSELECT "schema_migrations"."version" FROM "schema_migrations" ORDER BY "schema_migrations"."version" ASC[0m
Processing by UrlShortenerController#url_shortener as */*
Completed 400 Bad Request in 31ms (ActiveRecord: 0.0ms | Allocations: 16743)


  
ActionController::ParameterMissing (param is missing or the value is empty: url_manager):
  
app/controllers/url_shortener_controller.rb:13:in `permited_params'
app/controllers/url_shortener_controller.rb:8:in `url_shortener'
Started POST "/url_shortener" for ::1 at 2022-07-30 11:42:48 -0500
Processing by UrlShortenerController#url_shortener as */*
  Parameters: {"url"=>"https://www.google.com", "url_shortener"=>{"url"=>"https://www.google.com"}}
Completed 204 No Content in 0ms (ActiveRecord: 0.0ms | Allocations: 64)


  [1m[35m (0.9ms)[0m  [1m[34mSELECT sqlite_version(*)[0m
  [1m[36mUrlManager Load (0.3ms)[0m  [1m[34mSELECT "url_managers".* FROM "url_managers" ORDER BY "url_managers"."id" DESC LIMIT ?[0m  [["LIMIT", 1]]
  [1m[35m (0.9ms)[0m  [1m[34mSELECT sqlite_version(*)[0m
  [1m[36mActiveRecord::SchemaMigration Pluck (0.2ms)[0m  [1m[34mSELECT "schema_migrations"."version" FROM "schema_migrations" ORDER BY "schema_migrations"."version" ASC[0m
  [1m[36mActiveRecord::SchemaMigration Pluck (0.1ms)[0m  [1m[34mSELECT "schema_migrations"."version" FROM "schema_migrations" ORDER BY "schema_migrations"."version" ASC[0m
  [1m[36mActiveRecord::SchemaMigration Pluck (0.1ms)[0m  [1m[34mSELECT "schema_migrations"."version" FROM "schema_migrations" ORDER BY "schema_migrations"."version" ASC[0m
  [1m[36mActiveRecord::SchemaMigration Pluck (0.1ms)[0m  [1m[34mSELECT "schema_migrations"."version" FROM "schema_migrations" ORDER BY "schema_migrations"."version" ASC[0m
Migrating to CreateUrlManager (20220730160320)
  [1m[36mTRANSACTION (0.1ms)[0m  [1m[36mbegin transaction[0m
  [1m[35m (0.5ms)[0m  [1m[35mDROP TABLE "url_managers"[0m
  [1m[36mActiveRecord::SchemaMigration Delete All (0.4ms)[0m  [1m[31mDELETE FROM "schema_migrations" WHERE "schema_migrations"."version" = ?[0m  [["version", "20220730160320"]]
  [1m[36mTRANSACTION (2.9ms)[0m  [1m[36mcommit transaction[0m
  [1m[35m (0.1ms)[0m  [1m[34mSELECT sqlite_version(*)[0m
  [1m[36mActiveRecord::SchemaMigration Pluck (0.2ms)[0m  [1m[34mSELECT "schema_migrations"."version" FROM "schema_migrations" ORDER BY "schema_migrations"."version" ASC[0m
  [1m[35m (1.2ms)[0m  [1m[34mSELECT sqlite_version(*)[0m
  [1m[36mActiveRecord::SchemaMigration Pluck (0.2ms)[0m  [1m[34mSELECT "schema_migrations"."version" FROM "schema_migrations" ORDER BY "schema_migrations"."version" ASC[0m
Migrating to CreateUrlManager (20220730160320)
  [1m[36mTRANSACTION (0.1ms)[0m  [1m[36mbegin transaction[0m
  [1m[35m (0.4ms)[0m  [1m[35mCREATE TABLE "url_managers" ("id" integer PRIMARY KEY AUTOINCREMENT NOT NULL, "url" varchar NOT NULL, "short_code" varchar NOT NULL, "alexa_rank" integer DEFAULT 0, "counter" integer DEFAULT 0, "created_at" datetime(6) NOT NULL, "updated_at" datetime(6) NOT NULL)[0m
  [1m[36mActiveRecord::SchemaMigration Create (0.2ms)[0m  [1m[32mINSERT INTO "schema_migrations" ("version") VALUES (?)[0m  [["version", "20220730160320"]]
  [1m[36mTRANSACTION (2.7ms)[0m  [1m[36mcommit transaction[0m
  [1m[36mActiveRecord::InternalMetadata Load (0.2ms)[0m  [1m[34mSELECT "ar_internal_metadata".* FROM "ar_internal_metadata" WHERE "ar_internal_metadata"."key" = ? LIMIT ?[0m  [["key", "environment"], ["LIMIT", 1]]
  [1m[35m (0.1ms)[0m  [1m[34mSELECT sqlite_version(*)[0m
  [1m[36mActiveRecord::SchemaMigration Pluck (0.2ms)[0m  [1m[34mSELECT "schema_migrations"."version" FROM "schema_migrations" ORDER BY "schema_migrations"."version" ASC[0m
  [1m[35m (1.0ms)[0m  [1m[34mSELECT sqlite_version(*)[0m
Started POST "/url_shortener" for ::1 at 2022-07-30 11:48:22 -0500
  [1m[35m (1.1ms)[0m  [1m[34mSELECT sqlite_version(*)[0m
  [1m[36mActiveRecord::SchemaMigration Pluck (0.3ms)[0m  [1m[34mSELECT "schema_migrations"."version" FROM "schema_migrations" ORDER BY "schema_migrations"."version" ASC[0m
Processing by UrlShortenerController#url_shortener as */*
  Parameters: {"url"=>"https://www.google.com", "url_shortener"=>{"url"=>"https://www.google.com"}}
Completed 204 No Content in 20ms (ActiveRecord: 0.0ms | Allocations: 14955)


Started POST "/url_shortener" for ::1 at 2022-07-30 11:48:36 -0500
Processing by UrlShortenerController#url_shortener as */*
  Parameters: {"url"=>"https://www.google.com", "url_shortener"=>{"url"=>"https://www.google.com"}}
Completed 204 No Content in 1ms (Allocations: 90)


Started POST "/url_shortener" for ::1 at 2022-07-30 11:48:53 -0500
Processing by UrlShortenerController#url_shortener as */*
  Parameters: {"url"=>"https://www.google.com", "url_shortener"=>{"url"=>"https://www.google.com"}}
Completed 204 No Content in 1ms (Allocations: 88)


Started POST "/url_shortener" for ::1 at 2022-07-30 11:49:15 -0500
Processing by UrlShortenerController#url_shortener as */*
  Parameters: {"url"=>"https://www.google.com", "url_shortener"=>{"url"=>"https://www.google.com"}}
Completed 204 No Content in 0ms (Allocations: 87)


Started POST "/url_shortener" for ::1 at 2022-07-30 11:49:45 -0500
  [1m[35m (1.2ms)[0m  [1m[34mSELECT sqlite_version(*)[0m
  [1m[36mActiveRecord::SchemaMigration Pluck (0.4ms)[0m  [1m[34mSELECT "schema_migrations"."version" FROM "schema_migrations" ORDER BY "schema_migrations"."version" ASC[0m
Processing by UrlShortenerController#url_shortener as */*
  Parameters: {"url"=>"https://www.google.com", "url_shortener"=>{"url"=>"https://www.google.com"}}
Completed 204 No Content in 24ms (ActiveRecord: 0.0ms | Allocations: 14960)


Started POST "/url_shortener" for ::1 at 2022-07-30 11:51:19 -0500
Processing by UrlShortenerController#url_shortener as */*
  Parameters: {"url"=>"https://www.google.com", "url_shortener"=>{"url"=>"https://www.google.com"}}
Completed 400 Bad Request in 2ms (Allocations: 642)


  
ActionController::ParameterMissing (param is missing or the value is empty: url_manager):
  
app/controllers/url_shortener_controller.rb:16:in `permited_params'
app/controllers/url_shortener_controller.rb:8:in `url_shortener'
Started POST "/url_shortener" for ::1 at 2022-07-30 11:52:16 -0500
Processing by UrlShortenerController#url_shortener as */*
  Parameters: {"url"=>"https://www.google.com", "url_shortener"=>{"url"=>"https://www.google.com"}}
  [1m[35m (0.1ms)[0m  [1m[34mSELECT sqlite_version(*)[0m
  ↳ app/controllers/url_shortener_controller.rb:8:in `url_shortener'
Completed 500 Internal Server Error in 18ms (ActiveRecord: 1.8ms | Allocations: 6662)


  
ArgumentError (When assigning attributes, you must pass a hash as an argument, String passed.):
  
app/controllers/url_shortener_controller.rb:8:in `url_shortener'
Started POST "/url_shortener" for ::1 at 2022-07-30 11:53:11 -0500
Processing by UrlShortenerController#url_shortener as */*
  Parameters: {"url"=>"https://www.google.com", "url_shortener"=>{"url"=>"https://www.google.com"}}
Completed 400 Bad Request in 2ms (Allocations: 592)


  
ActionController::ParameterMissing (param is missing or the value is empty: params):
  
app/controllers/url_shortener_controller.rb:16:in `permited_params'
app/controllers/url_shortener_controller.rb:8:in `url_shortener'
Started POST "/url_shortener" for ::1 at 2022-07-30 11:53:31 -0500
Processing by UrlShortenerController#url_shortener as */*
  Parameters: {"url"=>"https://www.google.com", "url_shortener"=>{"url"=>"https://www.google.com"}}
[31mUnpermitted parameter: :url_shortener. Context: { controller: UrlShortenerController, action: url_shortener, request: #<ActionDispatch::Request:0x00007fcf8dbc9d78>, params: {"url"=>"https://www.google.com", "controller"=>"url_shortener", "action"=>"url_shortener", "url_shortener"=>{"url"=>"https://www.google.com"}} }[0m
  [1m[35m (0.1ms)[0m  [1m[34mSELECT sqlite_version(*)[0m
  ↳ app/controllers/url_shortener_controller.rb:8:in `url_shortener'
Completed 204 No Content in 14ms (ActiveRecord: 1.7ms | Allocations: 3250)


Started POST "/url_shortener" for ::1 at 2022-07-30 11:54:41 -0500
Processing by UrlShortenerController#url_shortener as */*
  Parameters: {"url"=>"https://www.google.com", "url_shortener"=>{"url"=>"https://www.google.com"}}
[31mUnpermitted parameter: :url_shortener. Context: { controller: UrlShortenerController, action: url_shortener, request: #<ActionDispatch::Request:0x0000556a960e4cb8>, params: {"url"=>"https://www.google.com", "controller"=>"url_shortener", "action"=>"url_shortener", "url_shortener"=>{"url"=>"https://www.google.com"}} }[0m
  [1m[35m (0.1ms)[0m  [1m[34mSELECT sqlite_version(*)[0m
  ↳ app/controllers/url_shortener_controller.rb:8:in `url_shortener'
Completed 204 No Content in 11ms (ActiveRecord: 1.7ms | Allocations: 3148)


Started POST "/url_shortener" for ::1 at 2022-07-30 11:55:11 -0500
Processing by UrlShortenerController#url_shortener as */*
  Parameters: {"url"=>"https://www.google.com", "url_shortener"=>{"url"=>"https://www.google.com"}}
[31mUnpermitted parameter: :url_shortener. Context: { controller: UrlShortenerController, action: url_shortener, request: #<ActionDispatch::Request:0x00007fcf8ccd1b40>, params: {"url"=>"https://www.google.com", "controller"=>"url_shortener", "action"=>"url_shortener", "url_shortener"=>{"url"=>"https://www.google.com"}} }[0m
  [1m[35m (0.1ms)[0m  [1m[34mSELECT sqlite_version(*)[0m
  ↳ app/controllers/url_shortener_controller.rb:8:in `url_shortener'
Completed 204 No Content in 12ms (ActiveRecord: 1.4ms | Allocations: 3217)


Started POST "/url_shortener" for ::1 at 2022-07-30 11:55:58 -0500
Processing by UrlShortenerController#url_shortener as */*
  Parameters: {"url"=>"https://www.google.com", "url_shortener"=>{"url"=>"https://www.google.com"}}
  [1m[35m (0.1ms)[0m  [1m[34mSELECT sqlite_version(*)[0m
  ↳ app/controllers/url_shortener_controller.rb:8:in `url_shortener'
Completed 204 No Content in 9ms (ActiveRecord: 1.3ms | Allocations: 3152)


Started POST "/url_shortener" for ::1 at 2022-07-30 11:59:16 -0500
Processing by UrlShortenerController#url_shortener as */*
  Parameters: {"url"=>"https://www.google.com", "url_shortener"=>{"url"=>"https://www.google.com"}}
  [1m[35m (0.1ms)[0m  [1m[34mSELECT sqlite_version(*)[0m
  ↳ app/controllers/url_shortener_controller.rb:8:in `url_shortener'
Completed 204 No Content in 12ms (ActiveRecord: 1.8ms | Allocations: 3157)


Started POST "/url_shortener" for ::1 at 2022-07-30 11:59:27 -0500
Processing by UrlShortenerController#url_shortener as */*
Completed 400 Bad Request in 1ms (ActiveRecord: 0.0ms | Allocations: 131)


  
ActionController::ParameterMissing (param is missing or the value is empty: url_shortener):
  
app/controllers/url_shortener_controller.rb:15:in `permited_params'
app/controllers/url_shortener_controller.rb:8:in `url_shortener'
Started POST "/url_shortener" for ::1 at 2022-07-30 11:59:51 -0500
Processing by UrlShortenerController#url_shortener as */*
  Parameters: {"url"=>"https://www.google.com", "url_shortener"=>{"url"=>"https://www.google.com"}}
Completed 204 No Content in 1ms (ActiveRecord: 0.0ms | Allocations: 254)


Started POST "/url_shortener" for ::1 at 2022-07-30 12:01:37 -0500
Processing by UrlShortenerController#url_shortener as */*
  Parameters: {"url"=>"https://www.google.com", "url_shortener"=>{"url"=>"https://www.google.com"}}
  [1m[35m (0.1ms)[0m  [1m[34mSELECT sqlite_version(*)[0m
  ↳ app/controllers/url_shortener_controller.rb:6:in `url_shortener'
Completed 200 OK in 11ms (Views: 0.3ms | ActiveRecord: 1.3ms | Allocations: 3263)


Started POST "/url_shortener" for ::1 at 2022-07-30 12:01:48 -0500
Processing by UrlShortenerController#url_shortener as */*
  Parameters: {"url"=>"https://www.google.com", "url_shortener"=>{"url"=>"https://www.google.com"}}
  [1m[35m (0.1ms)[0m  [1m[34mSELECT sqlite_version(*)[0m
  ↳ app/controllers/url_shortener_controller.rb:6:in `url_shortener'
Completed 200 OK in 9ms (Views: 0.3ms | ActiveRecord: 1.1ms | Allocations: 3201)


Started POST "/url_shortener" for ::1 at 2022-07-30 12:10:00 -0500
Processing by UrlShortenerController#url_shortener as */*
  Parameters: {"url"=>"https://www.google.com", "url_shortener"=>{"url"=>"https://www.google.com"}}
  [1m[35m (0.1ms)[0m  [1m[34mSELECT sqlite_version(*)[0m
  ↳ app/controllers/url_shortener_controller.rb:6:in `url_shortener'
Completed 500 Internal Server Error in 12ms (ActiveRecord: 0.5ms | Allocations: 4257)


  
NameError (uninitialized constant UrlShortenerController::Alexa):
  
app/controllers/url_shortener_controller.rb:8:in `url_shortener'
Started POST "/url_shortener" for ::1 at 2022-07-30 12:20:28 -0500
  [1m[35m (1.1ms)[0m  [1m[34mSELECT sqlite_version(*)[0m
  [1m[36mActiveRecord::SchemaMigration Pluck (0.3ms)[0m  [1m[34mSELECT "schema_migrations"."version" FROM "schema_migrations" ORDER BY "schema_migrations"."version" ASC[0m
Processing by UrlShortenerController#url_shortener as */*
  Parameters: {"url"=>"https://www.google.com", "url_shortener"=>{"url"=>"https://www.google.com"}}
Completed 500 Internal Server Error in 46ms (ActiveRecord: 0.9ms | Allocations: 23331)


  
NameError (undefined local variable or method `url' for #<UrlShortenerController:0x00000000020120>
Did you mean?  URI):
  
app/controllers/url_shortener_controller.rb:22:in `obtain_rank'
app/controllers/url_shortener_controller.rb:8:in `url_shortener'
Started POST "/url_shortener" for ::1 at 2022-07-30 12:23:18 -0500
Processing by UrlShortenerController#url_shortener as */*
  Parameters: {"url"=>"https://www.google.com", "url_shortener"=>{"url"=>"https://www.google.com"}}
  [1m[35m (0.1ms)[0m  [1m[34mSELECT sqlite_version(*)[0m
  ↳ app/controllers/url_shortener_controller.rb:6:in `url_shortener'
Completed 500 Internal Server Error in 10ms (ActiveRecord: 1.1ms | Allocations: 3066)


  
ArgumentError (wrong number of arguments (given 1, expected 0)):
  
app/controllers/url_shortener_controller.rb:21:in `obtain_rank'
app/controllers/url_shortener_controller.rb:8:in `url_shortener'
Started POST "/url_shortener" for ::1 at 2022-07-30 12:23:36 -0500
Processing by UrlShortenerController#url_shortener as */*
  Parameters: {"url"=>"https://www.google.com", "url_shortener"=>{"url"=>"https://www.google.com"}}
  [1m[35m (0.1ms)[0m  [1m[34mSELECT sqlite_version(*)[0m
  ↳ app/controllers/url_shortener_controller.rb:6:in `url_shortener'
Completed 200 OK in 703ms (Views: 0.9ms | ActiveRecord: 1.1ms | Allocations: 6159)


Started POST "/url_shortener" for ::1 at 2022-07-30 12:23:54 -0500
Processing by UrlShortenerController#url_shortener as */*
  Parameters: {"url"=>"https://www.google.com", "url_shortener"=>{"url"=>"https://www.google.com"}}
Completed 200 OK in 1263ms (Views: 8.5ms | ActiveRecord: 0.0ms | Allocations: 1269)


Started POST "/url_shortener" for ::1 at 2022-07-30 12:24:38 -0500
Processing by UrlShortenerController#url_shortener as */*
  Parameters: {"url"=>"https://www.google.com", "url_shortener"=>{"url"=>"https://www.google.com"}}
  [1m[35m (0.1ms)[0m  [1m[34mSELECT sqlite_version(*)[0m
  ↳ app/controllers/url_shortener_controller.rb:6:in `url_shortener'
  [1m[36mTRANSACTION (0.1ms)[0m  [1m[36mbegin transaction[0m
  ↳ app/controllers/url_shortener_controller.rb:9:in `url_shortener'
  [1m[36mUrlManager Create (0.8ms)[0m  [1m[32mINSERT INTO "url_managers" ("url", "short_code", "alexa_rank", "counter", "created_at", "updated_at") VALUES (?, ?, ?, ?, ?, ?)[0m  [["url", "https://www.google.com"], ["short_code", "2T40ig"], ["alexa_rank", 1], ["counter", 0], ["created_at", "2022-07-30 17:24:38.978556"], ["updated_at", "2022-07-30 17:24:38.978556"]]
  ↳ app/controllers/url_shortener_controller.rb:9:in `url_shortener'
  [1m[36mTRANSACTION (2.4ms)[0m  [1m[36mcommit transaction[0m
  ↳ app/controllers/url_shortener_controller.rb:9:in `url_shortener'
Completed 200 OK in 536ms (Views: 1.0ms | ActiveRecord: 4.6ms | Allocations: 6471)


Started POST "/url_shortener" for ::1 at 2022-07-30 12:26:03 -0500
Processing by UrlShortenerController#url_shortener as */*
  Parameters: {"url"=>"https://www.google.com", "url_shortener"=>{"url"=>"https://www.google.com"}}
  [1m[35m (0.2ms)[0m  [1m[34mSELECT sqlite_version(*)[0m
  ↳ app/controllers/url_shortener_controller.rb:6:in `url_shortener'
  [1m[36mTRANSACTION (0.1ms)[0m  [1m[36mbegin transaction[0m
  ↳ app/controllers/url_shortener_controller.rb:9:in `url_shortener'
  [1m[36mUrlManager Create (0.6ms)[0m  [1m[32mINSERT INTO "url_managers" ("url", "short_code", "alexa_rank", "counter", "created_at", "updated_at") VALUES (?, ?, ?, ?, ?, ?)[0m  [["url", "https://www.google.com"], ["short_code", "3t0CuQ"], ["alexa_rank", 1], ["counter", 0], ["created_at", "2022-07-30 17:26:03.787446"], ["updated_at", "2022-07-30 17:26:03.787446"]]
  ↳ app/controllers/url_shortener_controller.rb:9:in `url_shortener'
  [1m[36mTRANSACTION (2.4ms)[0m  [1m[36mcommit transaction[0m
  ↳ app/controllers/url_shortener_controller.rb:9:in `url_shortener'
Completed 200 OK in 525ms (Views: 0.3ms | ActiveRecord: 4.9ms | Allocations: 5894)


Started POST "/url_shortener" for ::1 at 2022-07-30 12:26:17 -0500
Processing by UrlShortenerController#url_shortener as */*
  Parameters: {"url"=>"https://www.google.com", "url_shortener"=>{"url"=>"https://www.google.com"}}
  [1m[35m (0.1ms)[0m  [1m[34mSELECT sqlite_version(*)[0m
  ↳ app/controllers/url_shortener_controller.rb:6:in `url_shortener'
  [1m[36mTRANSACTION (0.2ms)[0m  [1m[36mbegin transaction[0m
  ↳ app/controllers/url_shortener_controller.rb:9:in `url_shortener'
  [1m[36mUrlManager Create (0.6ms)[0m  [1m[32mINSERT INTO "url_managers" ("url", "short_code", "alexa_rank", "counter", "created_at", "updated_at") VALUES (?, ?, ?, ?, ?, ?)[0m  [["url", "https://www.google.com"], ["short_code", "HG7IRQ"], ["alexa_rank", 1], ["counter", 0], ["created_at", "2022-07-30 17:26:17.716743"], ["updated_at", "2022-07-30 17:26:17.716743"]]
  ↳ app/controllers/url_shortener_controller.rb:9:in `url_shortener'
  [1m[36mTRANSACTION (2.5ms)[0m  [1m[36mcommit transaction[0m
  ↳ app/controllers/url_shortener_controller.rb:9:in `url_shortener'
Completed 200 OK in 467ms (Views: 0.3ms | ActiveRecord: 5.4ms | Allocations: 5896)


Started GET "/HG7IRQ" for ::1 at 2022-07-30 12:35:46 -0500
  
SyntaxError (/home/edd/repos/url-shortener/app/controllers/redirect_controller.rb:10: syntax error, unexpected '}', expecting =>
...er json: { code: 302, url.url }
...                              ^
):
  
app/controllers/redirect_controller.rb:10: syntax error, unexpected '}', expecting =>
app/controllers/redirect_controller.rb:10: syntax error, unexpected '}', expecting =>
Started GET "/HG7IRQ" for ::1 at 2022-07-30 12:36:27 -0500
  
SyntaxError (/home/edd/repos/url-shortener/app/controllers/redirect_controller.rb:12: syntax error, unexpected end-of-input, expecting `end'):
  
app/controllers/redirect_controller.rb:12: syntax error, unexpected end-of-input, expecting `end'
app/controllers/redirect_controller.rb:12: syntax error, unexpected end-of-input, expecting `end'
Started GET "/HG7IRQ" for ::1 at 2022-07-30 12:36:46 -0500
Processing by RedirectController#redirect as */*
  Parameters: {"short_code"=>"HG7IRQ"}
  [1m[35m (0.2ms)[0m  [1m[34mSELECT sqlite_version(*)[0m
  ↳ app/controllers/redirect_controller.rb:6:in `redirect'
  [1m[36mUrlManager Load (0.3ms)[0m  [1m[34mSELECT "url_managers".* FROM "url_managers" WHERE "url_managers"."short_code" = ? LIMIT ?[0m  [["short_code", "HG7IRQ"], ["LIMIT", 1]]
  ↳ app/controllers/redirect_controller.rb:6:in `redirect'
Completed 200 OK in 22ms (Views: 0.3ms | ActiveRecord: 1.0ms | Allocations: 4097)


Started GET "/HG7IRQ" for ::1 at 2022-07-30 12:37:21 -0500
Processing by RedirectController#redirect as */*
  Parameters: {"short_code"=>"HG7IRQ"}
  [1m[35m (0.1ms)[0m  [1m[34mSELECT sqlite_version(*)[0m
  ↳ app/controllers/redirect_controller.rb:6:in `redirect'
  [1m[36mUrlManager Load (0.3ms)[0m  [1m[34mSELECT "url_managers".* FROM "url_managers" WHERE "url_managers"."short_code" = ? LIMIT ?[0m  [["short_code", "HG7IRQ"], ["LIMIT", 1]]
  ↳ app/controllers/redirect_controller.rb:6:in `redirect'
Completed 200 OK in 16ms (Views: 0.3ms | ActiveRecord: 2.2ms | Allocations: 3834)


Started GET "/HG7IRQ" for ::1 at 2022-07-30 12:37:29 -0500
Processing by RedirectController#redirect as */*
  Parameters: {"short_code"=>"HG7IRQ"}
  [1m[35m (0.1ms)[0m  [1m[34mSELECT sqlite_version(*)[0m
  ↳ app/controllers/redirect_controller.rb:6:in `redirect'
  [1m[36mUrlManager Load (0.3ms)[0m  [1m[34mSELECT "url_managers".* FROM "url_managers" WHERE "url_managers"."short_code" = ? LIMIT ?[0m  [["short_code", "HG7IRQ"], ["LIMIT", 1]]
  ↳ app/controllers/redirect_controller.rb:6:in `redirect'
Completed 200 OK in 20ms (Views: 0.4ms | ActiveRecord: 2.4ms | Allocations: 3831)


Started GET "/HG7IRQ" for ::1 at 2022-07-30 12:39:38 -0500
Processing by RedirectController#redirect as */*
  Parameters: {"short_code"=>"HG7IRQ"}
  [1m[35m (0.1ms)[0m  [1m[34mSELECT sqlite_version(*)[0m
  ↳ app/controllers/redirect_controller.rb:6:in `redirect'
  [1m[36mUrlManager Load (0.4ms)[0m  [1m[34mSELECT "url_managers".* FROM "url_managers" WHERE "url_managers"."short_code" = ? LIMIT ?[0m  [["short_code", "HG7IRQ"], ["LIMIT", 1]]
  ↳ app/controllers/redirect_controller.rb:6:in `redirect'
Completed 200 OK in 13ms (Views: 0.3ms | ActiveRecord: 2.3ms | Allocations: 3840)


Started GET "/HG7IRQ" for ::1 at 2022-07-30 12:41:21 -0500
Processing by RedirectController#redirect as */*
  Parameters: {"short_code"=>"HG7IRQ"}
  [1m[36mUrlManager Load (0.2ms)[0m  [1m[34mSELECT "url_managers".* FROM "url_managers" WHERE "url_managers"."short_code" = ? LIMIT ?[0m  [["short_code", "HG7IRQ"], ["LIMIT", 1]]
  ↳ app/controllers/redirect_controller.rb:6:in `redirect'
Completed 200 OK in 2ms (Views: 0.2ms | ActiveRecord: 0.2ms | Allocations: 551)


Started GET "/HG7IRQ" for ::1 at 2022-07-30 12:41:32 -0500
Processing by RedirectController#redirect as */*
  Parameters: {"short_code"=>"HG7IRQ"}
  [1m[35m (0.1ms)[0m  [1m[34mSELECT sqlite_version(*)[0m
  ↳ app/controllers/redirect_controller.rb:6:in `redirect'
  [1m[36mUrlManager Load (0.2ms)[0m  [1m[34mSELECT "url_managers".* FROM "url_managers" WHERE "url_managers"."short_code" = ? LIMIT ?[0m  [["short_code", "HG7IRQ"], ["LIMIT", 1]]
  ↳ app/controllers/redirect_controller.rb:6:in `redirect'
Completed 200 OK in 13ms (Views: 0.4ms | ActiveRecord: 1.4ms | Allocations: 3830)


Started GET "/HG7IRQ" for ::1 at 2022-07-30 12:43:36 -0500
Processing by RedirectController#redirect as */*
  Parameters: {"short_code"=>"HG7IRQ"}
  [1m[35m (0.3ms)[0m  [1m[34mSELECT sqlite_version(*)[0m
  ↳ app/controllers/redirect_controller.rb:6:in `redirect'
  [1m[36mUrlManager Load (0.2ms)[0m  [1m[34mSELECT "url_managers".* FROM "url_managers" WHERE "url_managers"."short_code" = ? LIMIT ?[0m  [["short_code", "HG7IRQ"], ["LIMIT", 1]]
  ↳ app/controllers/redirect_controller.rb:6:in `redirect'
Completed 302 Found in 15ms (Views: 0.3ms | ActiveRecord: 1.7ms | Allocations: 3825)


Started GET "/HG7IRQ" for ::1 at 2022-07-30 12:44:18 -0500
Processing by RedirectController#redirect as */*
  Parameters: {"short_code"=>"HG7IRQ"}
  [1m[35m (0.1ms)[0m  [1m[34mSELECT sqlite_version(*)[0m
  ↳ app/controllers/redirect_controller.rb:6:in `redirect'
  [1m[36mUrlManager Load (0.3ms)[0m  [1m[34mSELECT "url_managers".* FROM "url_managers" WHERE "url_managers"."short_code" = ? LIMIT ?[0m  [["short_code", "HG7IRQ"], ["LIMIT", 1]]
  ↳ app/controllers/redirect_controller.rb:6:in `redirect'
Completed 302 Found in 17ms (Views: 0.4ms | ActiveRecord: 2.1ms | Allocations: 3802)


Started GET "/HG7IRQ" for ::1 at 2022-07-30 12:45:15 -0500
Processing by RedirectController#redirect as */*
  Parameters: {"short_code"=>"HG7IRQ"}
  [1m[35m (0.1ms)[0m  [1m[34mSELECT sqlite_version(*)[0m
  ↳ app/controllers/redirect_controller.rb:6:in `redirect'
  [1m[36mUrlManager Load (0.2ms)[0m  [1m[34mSELECT "url_managers".* FROM "url_managers" WHERE "url_managers"."short_code" = ? LIMIT ?[0m  [["short_code", "HG7IRQ"], ["LIMIT", 1]]
  ↳ app/controllers/redirect_controller.rb:6:in `redirect'
Completed 302 Found in 13ms (Views: 0.4ms | ActiveRecord: 1.4ms | Allocations: 3824)


  [1m[35m (0.8ms)[0m  [1m[34mSELECT sqlite_version(*)[0m
  [1m[36mUrlManager Count (0.2ms)[0m  [1m[34mSELECT COUNT(*) FROM "url_managers"[0m
  [1m[36mUrlManager Pluck (0.3ms)[0m  [1m[34mSELECT "url_managers"."url" FROM "url_managers"[0m
  [1m[36mUrlManager Load (0.3ms)[0m  [1m[34mSELECT "url_managers".* FROM "url_managers" WHERE "url_managers"."url" = ? LIMIT ?[0m  [["url", "https://www.google.com"], ["LIMIT", 1]]
  [1m[36mUrlManager Load (0.2ms)[0m  [1m[34mSELECT "url_managers".* FROM "url_managers" WHERE "url_managers"."url" = ? LIMIT ?[0m  [["url", "https://www.google.com"], ["LIMIT", 1]]
Started POST "/url_shortener" for ::1 at 2022-07-30 13:25:25 -0500
Processing by UrlShortenerController#url_shortener as */*
  Parameters: {"url"=>"https://www.google.com", "url_shortener"=>{"url"=>"https://www.google.com"}}
  [1m[35m (0.1ms)[0m  [1m[34mSELECT sqlite_version(*)[0m
  ↳ app/controllers/url_shortener_controller.rb:6:in `url_shortener'
  [1m[36mUrlManager Load (0.2ms)[0m  [1m[34mSELECT "url_managers".* FROM "url_managers" WHERE "url_managers"."url" = ? LIMIT ?[0m  [["url", "https://www.google.com"], ["LIMIT", 1]]
  ↳ app/controllers/url_shortener_controller.rb:6:in `url_shortener'
  [1m[36mTRANSACTION (0.2ms)[0m  [1m[36mbegin transaction[0m
  ↳ app/controllers/url_shortener_controller.rb:9:in `url_shortener'
  [1m[36mUrlManager Update (0.5ms)[0m  [1m[33mUPDATE "url_managers" SET "short_code" = ?, "updated_at" = ? WHERE "url_managers"."id" = ?[0m  [["short_code", "cO52jw"], ["updated_at", "2022-07-30 18:25:26.405915"], ["id", 1]]
  ↳ app/controllers/url_shortener_controller.rb:9:in `url_shortener'
  [1m[36mTRANSACTION (2.8ms)[0m  [1m[36mcommit transaction[0m
  ↳ app/controllers/url_shortener_controller.rb:9:in `url_shortener'
Completed 200 OK in 590ms (Views: 0.3ms | ActiveRecord: 4.1ms | Allocations: 6391)


Started POST "/url_shortener" for ::1 at 2022-07-30 13:25:30 -0500
Processing by UrlShortenerController#url_shortener as */*
  Parameters: {"url"=>"https://www.google.com", "url_shortener"=>{"url"=>"https://www.google.com"}}
  [1m[36mUrlManager Load (0.2ms)[0m  [1m[34mSELECT "url_managers".* FROM "url_managers" WHERE "url_managers"."url" = ? LIMIT ?[0m  [["url", "https://www.google.com"], ["LIMIT", 1]]
  ↳ app/controllers/url_shortener_controller.rb:6:in `url_shortener'
  [1m[36mTRANSACTION (0.1ms)[0m  [1m[36mbegin transaction[0m
  ↳ app/controllers/url_shortener_controller.rb:9:in `url_shortener'
  [1m[36mUrlManager Update (0.5ms)[0m  [1m[33mUPDATE "url_managers" SET "short_code" = ?, "updated_at" = ? WHERE "url_managers"."id" = ?[0m  [["short_code", "qpHR2g"], ["updated_at", "2022-07-30 18:25:30.728203"], ["id", 1]]
  ↳ app/controllers/url_shortener_controller.rb:9:in `url_shortener'
  [1m[36mTRANSACTION (2.6ms)[0m  [1m[36mcommit transaction[0m
  ↳ app/controllers/url_shortener_controller.rb:9:in `url_shortener'
Completed 200 OK in 377ms (Views: 0.2ms | ActiveRecord: 3.4ms | Allocations: 3353)


  [1m[36mUrlManager Count (0.3ms)[0m  [1m[34mSELECT COUNT(*) FROM "url_managers"[0m
Started POST "/url_shortener" for ::1 at 2022-07-30 13:33:34 -0500
Processing by UrlShortenerController#url_shortener as */*
  Parameters: {"url"=>"https://www.google.com", "url_shortener"=>{"url"=>"https://www.google.com"}}
  [1m[35m (0.1ms)[0m  [1m[34mSELECT sqlite_version(*)[0m
  ↳ app/controllers/url_shortener_controller.rb:6:in `url_shortener'
  [1m[36mUrlManager Load (0.2ms)[0m  [1m[34mSELECT "url_managers".* FROM "url_managers" WHERE "url_managers"."url" = ? LIMIT ?[0m  [["url", "https://www.google.com"], ["LIMIT", 1]]
  ↳ app/controllers/url_shortener_controller.rb:6:in `url_shortener'
  [1m[36mTRANSACTION (0.2ms)[0m  [1m[36mbegin transaction[0m
  ↳ app/controllers/url_shortener_controller.rb:9:in `url_shortener'
  [1m[36mUrlManager Exists? (0.5ms)[0m  [1m[34mSELECT 1 AS one FROM "url_managers" WHERE "url_managers"."short_code" = ? AND "url_managers"."id" != ? LIMIT ?[0m  [["short_code", "Xn4naQ"], ["id", 1], ["LIMIT", 1]]
  ↳ app/controllers/url_shortener_controller.rb:9:in `url_shortener'
  [1m[36mUrlManager Update (0.4ms)[0m  [1m[33mUPDATE "url_managers" SET "short_code" = ?, "updated_at" = ? WHERE "url_managers"."id" = ?[0m  [["short_code", "Xn4naQ"], ["updated_at", "2022-07-30 18:33:34.974385"], ["id", 1]]
  ↳ app/controllers/url_shortener_controller.rb:9:in `url_shortener'
  [1m[36mTRANSACTION (2.6ms)[0m  [1m[36mcommit transaction[0m
  ↳ app/controllers/url_shortener_controller.rb:9:in `url_shortener'
Completed 200 OK in 627ms (Views: 0.4ms | ActiveRecord: 4.4ms | Allocations: 7352)


Started POST "/url_shortener" for ::1 at 2022-07-30 13:34:03 -0500
Processing by UrlShortenerController#url_shortener as */*
  Parameters: {"url"=>"https://www.google.com", "url_shortener"=>{"url"=>"https://www.google.com"}}
  [1m[35m (0.2ms)[0m  [1m[34mSELECT sqlite_version(*)[0m
  ↳ app/controllers/url_shortener_controller.rb:6:in `url_shortener'
  [1m[36mUrlManager Load (0.3ms)[0m  [1m[34mSELECT "url_managers".* FROM "url_managers" WHERE "url_managers"."url" = ? LIMIT ?[0m  [["url", "https://www.google.com"], ["LIMIT", 1]]
  ↳ app/controllers/url_shortener_controller.rb:6:in `url_shortener'
  [1m[36mTRANSACTION (0.1ms)[0m  [1m[36mbegin transaction[0m
  ↳ app/controllers/url_shortener_controller.rb:9:in `url_shortener'
  [1m[36mUrlManager Exists? (0.2ms)[0m  [1m[34mSELECT 1 AS one FROM "url_managers" WHERE "url_managers"."short_code" = ? AND "url_managers"."id" != ? LIMIT ?[0m  [["short_code", "1fCsUA"], ["id", 1], ["LIMIT", 1]]
  ↳ app/controllers/url_shortener_controller.rb:9:in `url_shortener'
  [1m[36mUrlManager Update (0.5ms)[0m  [1m[33mUPDATE "url_managers" SET "short_code" = ?, "updated_at" = ? WHERE "url_managers"."id" = ?[0m  [["short_code", "1fCsUA"], ["updated_at", "2022-07-30 18:34:04.119871"], ["id", 1]]
  ↳ app/controllers/url_shortener_controller.rb:9:in `url_shortener'
  [1m[36mTRANSACTION (2.5ms)[0m  [1m[36mcommit transaction[0m
  ↳ app/controllers/url_shortener_controller.rb:9:in `url_shortener'
Completed 200 OK in 400ms (Views: 0.4ms | ActiveRecord: 5.3ms | Allocations: 7699)


Started POST "/url_shortener" for ::1 at 2022-07-30 13:34:32 -0500
Processing by UrlShortenerController#url_shortener as */*
  Parameters: {"url"=>"https://www.google.com", "url_shortener"=>{"url"=>"https://www.google.com"}}
  [1m[35m (0.1ms)[0m  [1m[34mSELECT sqlite_version(*)[0m
  ↳ app/controllers/url_shortener_controller.rb:6:in `url_shortener'
  [1m[36mUrlManager Load (0.3ms)[0m  [1m[34mSELECT "url_managers".* FROM "url_managers" WHERE "url_managers"."url" = ? LIMIT ?[0m  [["url", "https://www.google.com"], ["LIMIT", 1]]
  ↳ app/controllers/url_shortener_controller.rb:6:in `url_shortener'
  [1m[36mTRANSACTION (0.2ms)[0m  [1m[36mbegin transaction[0m
  ↳ app/controllers/url_shortener_controller.rb:9:in `url_shortener'
  [1m[36mUrlManager Exists? (0.2ms)[0m  [1m[34mSELECT 1 AS one FROM "url_managers" WHERE "url_managers"."short_code" = ? AND "url_managers"."id" != ? LIMIT ?[0m  [["short_code", "6Q0YkA"], ["id", 1], ["LIMIT", 1]]
  ↳ app/controllers/url_shortener_controller.rb:9:in `url_shortener'
  [1m[36mUrlManager Update (0.4ms)[0m  [1m[33mUPDATE "url_managers" SET "short_code" = ?, "updated_at" = ? WHERE "url_managers"."id" = ?[0m  [["short_code", "6Q0YkA"], ["updated_at", "2022-07-30 18:34:33.142253"], ["id", 1]]
  ↳ app/controllers/url_shortener_controller.rb:9:in `url_shortener'
  [1m[36mTRANSACTION (2.9ms)[0m  [1m[36mcommit transaction[0m
  ↳ app/controllers/url_shortener_controller.rb:9:in `url_shortener'
Completed 200 OK in 412ms (Views: 0.3ms | ActiveRecord: 5.7ms | Allocations: 7731)


Started GET "/HG7IRQ" for ::1 at 2022-07-30 13:34:59 -0500
  
SyntaxError (/home/edd/repos/url-shortener/app/controllers/redirect_controller.rb:8: syntax error, unexpected local variable or method, expecting `end'
      render status: 400 json: { message: 'url no encontra...
                         ^~~~
):
  
app/controllers/redirect_controller.rb:8: syntax error, unexpected local variable or method, expecting `end'
app/controllers/redirect_controller.rb:8: syntax error, unexpected local variable or method, expecting `end'
Started GET "/HG7IRQ" for ::1 at 2022-07-30 13:35:38 -0500
Processing by RedirectController#redirect as */*
  Parameters: {"short_code"=>"HG7IRQ"}
  [1m[35m (0.1ms)[0m  [1m[34mSELECT sqlite_version(*)[0m
  ↳ app/controllers/redirect_controller.rb:6:in `redirect'
  [1m[36mUrlManager Load (0.3ms)[0m  [1m[34mSELECT "url_managers".* FROM "url_managers" WHERE "url_managers"."short_code" = ? LIMIT ?[0m  [["short_code", "HG7IRQ"], ["LIMIT", 1]]
  ↳ app/controllers/redirect_controller.rb:6:in `redirect'
Completed 302 Found in 14ms (Views: 0.4ms | ActiveRecord: 1.8ms | Allocations: 3894)


Started GET "/6Q0YkA" for ::1 at 2022-07-30 13:35:54 -0500
Processing by RedirectController#redirect as */*
  Parameters: {"short_code"=>"6Q0YkA"}
  [1m[36mUrlManager Load (0.3ms)[0m  [1m[34mSELECT "url_managers".* FROM "url_managers" WHERE "url_managers"."short_code" = ? LIMIT ?[0m  [["short_code", "6Q0YkA"], ["LIMIT", 1]]
  ↳ app/controllers/redirect_controller.rb:6:in `redirect'
Completed 302 Found in 3ms (Views: 0.3ms | ActiveRecord: 0.3ms | Allocations: 534)


Started POST "/url_shortener" for ::1 at 2022-07-30 13:35:58 -0500
Processing by UrlShortenerController#url_shortener as */*
  Parameters: {"url"=>"https://www.google.com", "url_shortener"=>{"url"=>"https://www.google.com"}}
  [1m[36mUrlManager Load (0.5ms)[0m  [1m[34mSELECT "url_managers".* FROM "url_managers" WHERE "url_managers"."url" = ? LIMIT ?[0m  [["url", "https://www.google.com"], ["LIMIT", 1]]
  ↳ app/controllers/url_shortener_controller.rb:6:in `url_shortener'
  [1m[36mTRANSACTION (0.1ms)[0m  [1m[36mbegin transaction[0m
  ↳ app/controllers/url_shortener_controller.rb:9:in `url_shortener'
  [1m[36mUrlManager Exists? (0.2ms)[0m  [1m[34mSELECT 1 AS one FROM "url_managers" WHERE "url_managers"."short_code" = ? AND "url_managers"."id" != ? LIMIT ?[0m  [["short_code", "cXLDxQ"], ["id", 1], ["LIMIT", 1]]
  ↳ app/controllers/url_shortener_controller.rb:9:in `url_shortener'
  [1m[36mUrlManager Update (0.3ms)[0m  [1m[33mUPDATE "url_managers" SET "short_code" = ?, "updated_at" = ? WHERE "url_managers"."id" = ?[0m  [["short_code", "cXLDxQ"], ["updated_at", "2022-07-30 18:35:58.669293"], ["id", 1]]
  ↳ app/controllers/url_shortener_controller.rb:9:in `url_shortener'
  [1m[36mTRANSACTION (2.2ms)[0m  [1m[36mcommit transaction[0m
  ↳ app/controllers/url_shortener_controller.rb:9:in `url_shortener'
Completed 200 OK in 324ms (Views: 0.3ms | ActiveRecord: 3.3ms | Allocations: 4659)


Started GET "/6Q0YkA" for ::1 at 2022-07-30 13:36:01 -0500
Processing by RedirectController#redirect as */*
  Parameters: {"short_code"=>"6Q0YkA"}
  [1m[36mUrlManager Load (0.2ms)[0m  [1m[34mSELECT "url_managers".* FROM "url_managers" WHERE "url_managers"."short_code" = ? LIMIT ?[0m  [["short_code", "6Q0YkA"], ["LIMIT", 1]]
  ↳ app/controllers/redirect_controller.rb:6:in `redirect'
Completed 400 Bad Request in 2ms (Views: 0.3ms | ActiveRecord: 0.2ms | Allocations: 524)


  [1m[36mUrlManager Load (0.3ms)[0m  [1m[34mSELECT "url_managers".* FROM "url_managers" ORDER BY "url_managers"."id" DESC LIMIT ?[0m  [["LIMIT", 1]]
Started POST "/url_shortener" for ::1 at 2022-07-30 13:37:31 -0500
Processing by UrlShortenerController#url_shortener as */*
  Parameters: {"url"=>"https://www.google.com", "url_shortener"=>{"url"=>"https://www.google.com"}}
  [1m[35m (0.1ms)[0m  [1m[34mSELECT sqlite_version(*)[0m
  ↳ app/controllers/url_shortener_controller.rb:6:in `url_shortener'
  [1m[36mUrlManager Load (0.4ms)[0m  [1m[34mSELECT "url_managers".* FROM "url_managers" WHERE "url_managers"."url" = ? LIMIT ?[0m  [["url", "https://www.google.com"], ["LIMIT", 1]]
  ↳ app/controllers/url_shortener_controller.rb:6:in `url_shortener'
  [1m[36mTRANSACTION (0.2ms)[0m  [1m[36mbegin transaction[0m
  ↳ app/controllers/url_shortener_controller.rb:9:in `url_shortener'
  [1m[36mUrlManager Exists? (0.4ms)[0m  [1m[34mSELECT 1 AS one FROM "url_managers" WHERE "url_managers"."short_code" = ? AND "url_managers"."id" != ? LIMIT ?[0m  [["short_code", "zNhiGA"], ["id", 1], ["LIMIT", 1]]
  ↳ app/controllers/url_shortener_controller.rb:9:in `url_shortener'
  [1m[36mUrlManager Update (0.3ms)[0m  [1m[33mUPDATE "url_managers" SET "short_code" = ?, "updated_at" = ? WHERE "url_managers"."id" = ?[0m  [["short_code", "zNhiGA"], ["updated_at", "2022-07-30 18:37:32.019925"], ["id", 1]]
  ↳ app/controllers/url_shortener_controller.rb:9:in `url_shortener'
  [1m[36mTRANSACTION (2.6ms)[0m  [1m[36mcommit transaction[0m
  ↳ app/controllers/url_shortener_controller.rb:9:in `url_shortener'
Completed 200 OK in 605ms (Views: 0.4ms | ActiveRecord: 5.4ms | Allocations: 7703)


Started GET "/zNhiGA" for ::1 at 2022-07-30 13:37:45 -0500
Processing by RedirectController#redirect as */*
  Parameters: {"short_code"=>"zNhiGA"}
  [1m[36mUrlManager Load (0.5ms)[0m  [1m[34mSELECT "url_managers".* FROM "url_managers" WHERE "url_managers"."short_code" = ? LIMIT ?[0m  [["short_code", "zNhiGA"], ["LIMIT", 1]]
  ↳ app/controllers/redirect_controller.rb:6:in `redirect'
Completed 500 Internal Server Error in 13ms (ActiveRecord: 0.5ms | Allocations: 3364)


  
NoMethodError (undefined method `updat' for #<UrlManager id: 1, url: "https://www.google.com", short_code: "zNhiGA", alexa_rank: 1, counter: 1, created_at: "2022-07-30 17:24:38.978556000 +0000", updated_at: "2022-07-30 18:37:32.019925000 +0000">
Did you mean?  update
               update!):
  
app/controllers/redirect_controller.rb:10:in `redirect'
Started GET "/zNhiGA" for ::1 at 2022-07-30 13:37:54 -0500
Processing by RedirectController#redirect as */*
  Parameters: {"short_code"=>"zNhiGA"}
  [1m[35m (0.2ms)[0m  [1m[34mSELECT sqlite_version(*)[0m
  ↳ app/controllers/redirect_controller.rb:6:in `redirect'
  [1m[36mUrlManager Load (0.5ms)[0m  [1m[34mSELECT "url_managers".* FROM "url_managers" WHERE "url_managers"."short_code" = ? LIMIT ?[0m  [["short_code", "zNhiGA"], ["LIMIT", 1]]
  ↳ app/controllers/redirect_controller.rb:6:in `redirect'
  [1m[36mTRANSACTION (0.1ms)[0m  [1m[36mbegin transaction[0m
  ↳ app/controllers/redirect_controller.rb:10:in `redirect'
  [1m[36mUrlManager Exists? (0.3ms)[0m  [1m[34mSELECT 1 AS one FROM "url_managers" WHERE "url_managers"."short_code" = ? AND "url_managers"."id" != ? LIMIT ?[0m  [["short_code", "zNhiGA"], ["id", 1], ["LIMIT", 1]]
  ↳ app/controllers/redirect_controller.rb:10:in `redirect'
  [1m[36mUrlManager Update (0.4ms)[0m  [1m[33mUPDATE "url_managers" SET "counter" = ?, "updated_at" = ? WHERE "url_managers"."id" = ?[0m  [["counter", 1], ["updated_at", "2022-07-30 18:37:54.916770"], ["id", 1]]
  ↳ app/controllers/redirect_controller.rb:10:in `redirect'
  [1m[36mTRANSACTION (2.8ms)[0m  [1m[36mcommit transaction[0m
  ↳ app/controllers/redirect_controller.rb:10:in `redirect'
Completed 302 Found in 30ms (Views: 0.3ms | ActiveRecord: 5.8ms | Allocations: 6711)


  [1m[36mUrlManager Load (0.2ms)[0m  [1m[34mSELECT "url_managers".* FROM "url_managers" ORDER BY "url_managers"."id" DESC LIMIT ?[0m  [["LIMIT", 1]]
  [1m[36mUrlManager Load (0.3ms)[0m  [1m[34mSELECT "url_managers".* FROM "url_managers" ORDER BY "url_managers"."id" ASC LIMIT ?[0m  [["LIMIT", 1]]
Started GET "/get_info?url=www.google.com" for ::1 at 2022-07-30 13:46:30 -0500
Processing by UrlShortenerController#get_info as */*
  Parameters: {"url"=>"www.google.com"}
Completed 500 Internal Server Error in 1ms (Allocations: 203)


  
SyntaxError (/home/edd/repos/url-shortener/app/models/url_manager.rb:4: syntax error, unexpected ->, expecting `end'
  scope :exist? -> (url){where("url = ? OR url ...
                ^~
):
  
app/models/url_manager.rb:4: syntax error, unexpected ->, expecting `end'
app/models/url_manager.rb:4: syntax error, unexpected ->, expecting `end'
app/controllers/url_shortener_controller.rb:15:in `get_info'
Started GET "/get_info?url=www.google.com" for ::1 at 2022-07-30 13:47:32 -0500
Processing by UrlShortenerController#get_info as */*
  Parameters: {"url"=>"www.google.com"}
  [1m[35m (0.1ms)[0m  [1m[34mSELECT sqlite_version(*)[0m
  ↳ app/models/url_manager.rb:4:in `block in <class:UrlManager>'
Completed 204 No Content in 8ms (ActiveRecord: 0.5ms | Allocations: 1575)


Started GET "/get_info?url=www.google.com" for ::1 at 2022-07-30 13:49:01 -0500
  
SyntaxError (/home/edd/repos/url-shortener/app/controllers/url_shortener_controller.rb:17: syntax error, unexpected '}', expecting =>
      render json: {url}
                       ^
):
  
app/controllers/url_shortener_controller.rb:17: syntax error, unexpected '}', expecting =>
app/controllers/url_shortener_controller.rb:17: syntax error, unexpected '}', expecting =>
Started GET "/get_info?url=www.google.com" for ::1 at 2022-07-30 13:49:48 -0500
Processing by UrlShortenerController#get_info as */*
  Parameters: {"url"=>"www.google.com"}
  [1m[35m (0.1ms)[0m  [1m[34mSELECT sqlite_version(*)[0m
  ↳ app/models/url_manager.rb:4:in `block in <class:UrlManager>'
  [1m[36mUrlManager Load (0.3ms)[0m  [1m[34mSELECT "url_managers".* FROM "url_managers" WHERE (url = 'www.google.com' OR url = http://'www.google.com' OR url https://'www.google.com')[0m
  ↳ app/controllers/url_shortener_controller.rb:16:in `get_info'
Completed 500 Internal Server Error in 9ms (ActiveRecord: 0.8ms | Allocations: 2120)


  
ActiveRecord::StatementInvalid (SQLite3::SQLException: unrecognized token: ":"):
  
app/controllers/url_shortener_controller.rb:16:in `get_info'
Started GET "/get_info?url=www.google.com" for ::1 at 2022-07-30 13:50:41 -0500
Processing by UrlShortenerController#get_info as */*
  Parameters: {"url"=>"www.google.com"}
  [1m[35m (0.1ms)[0m  [1m[34mSELECT sqlite_version(*)[0m
  ↳ app/models/url_manager.rb:4:in `block in <class:UrlManager>'
  [1m[36mUrlManager Load (0.4ms)[0m  [1m[34mSELECT "url_managers".* FROM "url_managers" WHERE (url = 'www.google.com' OR url = 'http://''www.google.com' OR url 'https://''www.google.com')[0m
  ↳ app/controllers/url_shortener_controller.rb:16:in `get_info'
Completed 500 Internal Server Error in 8ms (ActiveRecord: 0.9ms | Allocations: 2125)


  
ActiveRecord::StatementInvalid (SQLite3::SQLException: near "'https://''www.google.com'": syntax error):
  
app/controllers/url_shortener_controller.rb:16:in `get_info'
Started GET "/get_info?url=www.google.com" for ::1 at 2022-07-30 13:51:40 -0500
Processing by UrlShortenerController#get_info as */*
  Parameters: {"url"=>"www.google.com"}
Completed 500 Internal Server Error in 4ms (Allocations: 1099)


  
ActiveRecord::PreparedStatementInvalid (wrong number of bind variables (3 for 1) in: url = ? OR url = "http://#{url}" OR url "https://#{url}"):
  
app/models/url_manager.rb:4:in `block in <class:UrlManager>'
app/controllers/url_shortener_controller.rb:15:in `get_info'
Started GET "/get_info?url=www.google.com" for ::1 at 2022-07-30 13:51:57 -0500
Processing by UrlShortenerController#get_info as */*
  Parameters: {"url"=>"www.google.com"}
  [1m[35m (0.1ms)[0m  [1m[34mSELECT sqlite_version(*)[0m
  ↳ app/models/url_manager.rb:4:in `block in <class:UrlManager>'
  [1m[36mUrlManager Load (0.5ms)[0m  [1m[34mSELECT "url_managers".* FROM "url_managers" WHERE (url = 'www.google.com' OR url = "http://#{url}" OR url "https://#{url}")[0m
  ↳ app/controllers/url_shortener_controller.rb:16:in `get_info'
Completed 500 Internal Server Error in 10ms (ActiveRecord: 1.0ms | Allocations: 2114)


  
ActiveRecord::StatementInvalid (SQLite3::SQLException: near ""https://#{url}"": syntax error):
  
app/controllers/url_shortener_controller.rb:16:in `get_info'
Started GET "/get_info?url=www.google.com" for ::1 at 2022-07-30 13:52:31 -0500
Processing by UrlShortenerController#get_info as */*
  Parameters: {"url"=>"www.google.com"}
  [1m[35m (0.2ms)[0m  [1m[34mSELECT sqlite_version(*)[0m
  ↳ app/models/url_manager.rb:4:in `block in <class:UrlManager>'
  [1m[36mUrlManager Load (0.4ms)[0m  [1m[34mSELECT "url_managers".* FROM "url_managers" WHERE (url = 'www.google.com' OR url = "http://'www.google.com'" OR url "https://'www.google.com'")[0m
  ↳ app/controllers/url_shortener_controller.rb:16:in `get_info'
Completed 500 Internal Server Error in 9ms (ActiveRecord: 1.0ms | Allocations: 2125)


  
ActiveRecord::StatementInvalid (SQLite3::SQLException: near ""https://'www.google.com'"": syntax error):
  
app/controllers/url_shortener_controller.rb:16:in `get_info'
Started GET "/get_info?url=www.google.com" for ::1 at 2022-07-30 13:55:02 -0500
Processing by UrlShortenerController#get_info as */*
  Parameters: {"url"=>"www.google.com"}
  [1m[35m (0.2ms)[0m  [1m[34mSELECT sqlite_version(*)[0m
  ↳ app/models/url_manager.rb:3:in `block in <class:UrlManager>'
  [1m[36mUrlManager Load (0.3ms)[0m  [1m[34mSELECT "url_managers".* FROM "url_managers" WHERE (url = 'www.google.com' OR url = 'http://{url}' OR url = 'https://{url}')[0m
  ↳ app/controllers/url_shortener_controller.rb:16:in `get_info'
Completed 400 Bad Request in 11ms (Views: 0.3ms | ActiveRecord: 0.8ms | Allocations: 2167)


  [1m[35m (1.1ms)[0m  [1m[34mSELECT sqlite_version(*)[0m
  [1m[36mUrlManager Load (0.2ms)[0m  [1m[34mSELECT "url_managers".* FROM "url_managers" WHERE (url = 'www.google.com' OR url = 'http://{url}' OR url = 'https://{url}')[0m
  [1m[36mUrlManager Load (0.3ms)[0m  [1m[34mSELECT "url_managers".* FROM "url_managers" WHERE (url = 'www.google.com' OR url = 'http://{url}' OR url = 'https://{url}')[0m
  [1m[36mUrlManager Load (0.2ms)[0m  [1m[34mSELECT "url_managers".* FROM "url_managers" WHERE (url = 'www.google.com' OR url = 'http://{url}' OR url = 'https://{url}')[0m
  [1m[35m (1.2ms)[0m  [1m[34mSELECT sqlite_version(*)[0m
  [1m[36mUrlManager Load (0.2ms)[0m  [1m[34mSELECT "url_managers".* FROM "url_managers" WHERE (url = 'www.google.com' OR url = 'http://www.google.com' OR url = 'https://www.google.com')[0m
Started GET "/get_info?url=www.google.com" for ::1 at 2022-07-30 13:58:31 -0500
Processing by UrlShortenerController#get_info as */*
  Parameters: {"url"=>"www.google.com"}
  [1m[35m (0.2ms)[0m  [1m[34mSELECT sqlite_version(*)[0m
  ↳ app/models/url_manager.rb:3:in `block in <class:UrlManager>'
  [1m[36mUrlManager Load (0.5ms)[0m  [1m[34mSELECT "url_managers".* FROM "url_managers" WHERE (url = 'www.google.com' OR url = 'http://www.google.com' OR url = 'https://www.google.com')[0m
  ↳ app/controllers/url_shortener_controller.rb:16:in `get_info'
Completed 200 OK in 24ms (Views: 1.0ms | ActiveRecord: 2.5ms | Allocations: 4135)


Started GET "/get_info?url=www.google.com" for ::1 at 2022-07-30 13:58:42 -0500
Processing by UrlShortenerController#get_info as */*
  Parameters: {"url"=>"www.google.com"}
  [1m[35m (0.1ms)[0m  [1m[34mSELECT sqlite_version(*)[0m
  ↳ app/models/url_manager.rb:3:in `block in <class:UrlManager>'
  [1m[36mUrlManager Load (0.3ms)[0m  [1m[34mSELECT "url_managers".* FROM "url_managers" WHERE (url = 'www.google.com' OR url = 'http://www.google.com' OR url = 'https://www.google.com')[0m
  ↳ app/controllers/url_shortener_controller.rb:16:in `get_info'
Completed 200 OK in 15ms (Views: 0.6ms | ActiveRecord: 1.8ms | Allocations: 4048)


Started GET "/get_info?url=www.google.com" for ::1 at 2022-07-30 15:06:17 -0500
  
ActiveRecord::ConnectionNotEstablished (SSL connection error: error:1425F102:SSL routines:ssl_choose_client_version:unsupported protocol):
  
activerecord (7.0.3.1) lib/active_record/connection_adapters/mysql2_adapter.rb:53:in `rescue in new_client'
activerecord (7.0.3.1) lib/active_record/connection_adapters/mysql2_adapter.rb:43:in `new_client'
activerecord (7.0.3.1) lib/active_record/connection_adapters/mysql2_adapter.rb:23:in `mysql2_connection'
activerecord (7.0.3.1) lib/active_record/connection_adapters/abstract/connection_pool.rb:656:in `public_send'
activerecord (7.0.3.1) lib/active_record/connection_adapters/abstract/connection_pool.rb:656:in `new_connection'
activerecord (7.0.3.1) lib/active_record/connection_adapters/abstract/connection_pool.rb:700:in `checkout_new_connection'
activerecord (7.0.3.1) lib/active_record/connection_adapters/abstract/connection_pool.rb:679:in `try_to_checkout_new_connection'
activerecord (7.0.3.1) lib/active_record/connection_adapters/abstract/connection_pool.rb:640:in `acquire_connection'
activerecord (7.0.3.1) lib/active_record/connection_adapters/abstract/connection_pool.rb:341:in `checkout'
activerecord (7.0.3.1) lib/active_record/connection_adapters/abstract/connection_pool.rb:181:in `connection'
activerecord (7.0.3.1) lib/active_record/connection_adapters/abstract/connection_handler.rb:211:in `retrieve_connection'
activerecord (7.0.3.1) lib/active_record/connection_handling.rb:313:in `retrieve_connection'
activerecord (7.0.3.1) lib/active_record/connection_handling.rb:280:in `connection'
activerecord (7.0.3.1) lib/active_record/migration.rb:613:in `connection'
activerecord (7.0.3.1) lib/active_record/migration.rb:608:in `build_watcher'
activerecord (7.0.3.1) lib/active_record/migration.rb:590:in `block in call'
activerecord (7.0.3.1) lib/active_record/migration.rb:589:in `synchronize'
activerecord (7.0.3.1) lib/active_record/migration.rb:589:in `call'
actionpack (7.0.3.1) lib/action_dispatch/middleware/callbacks.rb:27:in `block in call'
activesupport (7.0.3.1) lib/active_support/callbacks.rb:99:in `run_callbacks'
actionpack (7.0.3.1) lib/action_dispatch/middleware/callbacks.rb:26:in `call'
actionpack (7.0.3.1) lib/action_dispatch/middleware/executor.rb:14:in `call'
actionpack (7.0.3.1) lib/action_dispatch/middleware/actionable_exceptions.rb:17:in `call'
actionpack (7.0.3.1) lib/action_dispatch/middleware/debug_exceptions.rb:28:in `call'
actionpack (7.0.3.1) lib/action_dispatch/middleware/show_exceptions.rb:26:in `call'
railties (7.0.3.1) lib/rails/rack/logger.rb:40:in `call_app'
railties (7.0.3.1) lib/rails/rack/logger.rb:25:in `block in call'
activesupport (7.0.3.1) lib/active_support/tagged_logging.rb:114:in `block in tagged'
activesupport (7.0.3.1) lib/active_support/tagged_logging.rb:38:in `tagged'
activesupport (7.0.3.1) lib/active_support/tagged_logging.rb:114:in `tagged'
railties (7.0.3.1) lib/rails/rack/logger.rb:25:in `call'
actionpack (7.0.3.1) lib/action_dispatch/middleware/remote_ip.rb:93:in `call'
actionpack (7.0.3.1) lib/action_dispatch/middleware/request_id.rb:26:in `call'
rack (2.2.4) lib/rack/runtime.rb:22:in `call'
activesupport (7.0.3.1) lib/active_support/cache/strategy/local_cache_middleware.rb:29:in `call'
actionpack (7.0.3.1) lib/action_dispatch/middleware/server_timing.rb:20:in `call'
actionpack (7.0.3.1) lib/action_dispatch/middleware/executor.rb:14:in `call'
actionpack (7.0.3.1) lib/action_dispatch/middleware/static.rb:23:in `call'
rack (2.2.4) lib/rack/sendfile.rb:110:in `call'
actionpack (7.0.3.1) lib/action_dispatch/middleware/host_authorization.rb:137:in `call'
railties (7.0.3.1) lib/rails/engine.rb:530:in `call'
puma (5.6.4) lib/puma/configuration.rb:252:in `call'
puma (5.6.4) lib/puma/request.rb:77:in `block in handle_request'
puma (5.6.4) lib/puma/thread_pool.rb:340:in `with_force_shutdown'
puma (5.6.4) lib/puma/request.rb:76:in `handle_request'
puma (5.6.4) lib/puma/server.rb:441:in `process_client'
puma (5.6.4) lib/puma/thread_pool.rb:147:in `block in spawn_thread'
  [1m[35m (97.6ms)[0m  [1m[35mCREATE TABLE "schema_migrations" ("version" character varying NOT NULL PRIMARY KEY)[0m
  [1m[35m (82.7ms)[0m  [1m[35mCREATE TABLE "ar_internal_metadata" ("key" character varying NOT NULL PRIMARY KEY, "value" character varying, "created_at" timestamp(6) NOT NULL, "updated_at" timestamp(6) NOT NULL)[0m
  [1m[35m (73.6ms)[0m  [1m[34mSELECT pg_try_advisory_lock(228918313051810200)[0m
  [1m[36mActiveRecord::SchemaMigration Pluck (76.8ms)[0m  [1m[34mSELECT "schema_migrations"."version" FROM "schema_migrations" ORDER BY "schema_migrations"."version" ASC[0m
Migrating to CreateUrlManager (20220730160320)
  [1m[36mTRANSACTION (75.4ms)[0m  [1m[35mBEGIN[0m
  [1m[35m (88.3ms)[0m  [1m[35mCREATE TABLE "url_managers" ("id" bigserial primary key, "url" character varying NOT NULL, "short_code" character varying NOT NULL, "alexa_rank" integer DEFAULT 0, "counter" integer DEFAULT 0, "created_at" timestamp(6) NOT NULL, "updated_at" timestamp(6) NOT NULL)[0m
  [1m[36mActiveRecord::SchemaMigration Create (74.0ms)[0m  [1m[32mINSERT INTO "schema_migrations" ("version") VALUES ($1) RETURNING "version"[0m  [["version", "20220730160320"]]
  [1m[36mTRANSACTION (77.8ms)[0m  [1m[35mCOMMIT[0m
  [1m[36mActiveRecord::InternalMetadata Load (76.0ms)[0m  [1m[34mSELECT "ar_internal_metadata".* FROM "ar_internal_metadata" WHERE "ar_internal_metadata"."key" = $1 LIMIT $2[0m  [["key", "environment"], ["LIMIT", 1]]
  [1m[36mTRANSACTION (73.1ms)[0m  [1m[35mBEGIN[0m
  [1m[36mActiveRecord::InternalMetadata Create (74.5ms)[0m  [1m[32mINSERT INTO "ar_internal_metadata" ("key", "value", "created_at", "updated_at") VALUES ($1, $2, $3, $4) RETURNING "key"[0m  [["key", "environment"], ["value", "development"], ["created_at", "2022-07-30 23:27:41.356384"], ["updated_at", "2022-07-30 23:27:41.356384"]]
  [1m[36mTRANSACTION (74.6ms)[0m  [1m[35mCOMMIT[0m
  [1m[35m (74.5ms)[0m  [1m[34mSELECT pg_advisory_unlock(228918313051810200)[0m
  [1m[36mActiveRecord::SchemaMigration Pluck (230.8ms)[0m  [1m[34mSELECT "schema_migrations"."version" FROM "schema_migrations" ORDER BY "schema_migrations"."version" ASC[0m
  [1m[36mUrlManager Load (73.5ms)[0m  [1m[34mSELECT "url_managers".* FROM "url_managers" ORDER BY "url_managers"."id" DESC LIMIT $1[0m  [["LIMIT", 1]]
Started GET "/get_info?url=www.google.com" for ::1 at 2022-07-30 18:30:12 -0500
  
ActiveRecord::NoDatabaseError (We could not find your database: development.url_shortener. Which can be found in the database configuration file located at config/database.yml.

To resolve this issue:

- Did you create the database for this app, or delete it? You may need to create your database.
- Has the database name changed? Check your database.yml config has the correct database name.

To create your database, run:

        bin/rails db:create
):
  
activerecord (7.0.3.1) lib/active_record/connection_adapters/postgresql_adapter.rb:81:in `rescue in new_client'
activerecord (7.0.3.1) lib/active_record/connection_adapters/postgresql_adapter.rb:77:in `new_client'
activerecord (7.0.3.1) lib/active_record/connection_adapters/postgresql_adapter.rb:37:in `postgresql_connection'
activerecord (7.0.3.1) lib/active_record/connection_adapters/abstract/connection_pool.rb:656:in `public_send'
activerecord (7.0.3.1) lib/active_record/connection_adapters/abstract/connection_pool.rb:656:in `new_connection'
activerecord (7.0.3.1) lib/active_record/connection_adapters/abstract/connection_pool.rb:700:in `checkout_new_connection'
activerecord (7.0.3.1) lib/active_record/connection_adapters/abstract/connection_pool.rb:679:in `try_to_checkout_new_connection'
activerecord (7.0.3.1) lib/active_record/connection_adapters/abstract/connection_pool.rb:640:in `acquire_connection'
activerecord (7.0.3.1) lib/active_record/connection_adapters/abstract/connection_pool.rb:341:in `checkout'
activerecord (7.0.3.1) lib/active_record/connection_adapters/abstract/connection_pool.rb:181:in `connection'
activerecord (7.0.3.1) lib/active_record/connection_adapters/abstract/connection_handler.rb:211:in `retrieve_connection'
activerecord (7.0.3.1) lib/active_record/connection_handling.rb:313:in `retrieve_connection'
activerecord (7.0.3.1) lib/active_record/connection_handling.rb:280:in `connection'
activerecord (7.0.3.1) lib/active_record/migration.rb:613:in `connection'
activerecord (7.0.3.1) lib/active_record/migration.rb:608:in `build_watcher'
activerecord (7.0.3.1) lib/active_record/migration.rb:590:in `block in call'
activerecord (7.0.3.1) lib/active_record/migration.rb:589:in `synchronize'
activerecord (7.0.3.1) lib/active_record/migration.rb:589:in `call'
actionpack (7.0.3.1) lib/action_dispatch/middleware/callbacks.rb:27:in `block in call'
activesupport (7.0.3.1) lib/active_support/callbacks.rb:99:in `run_callbacks'
actionpack (7.0.3.1) lib/action_dispatch/middleware/callbacks.rb:26:in `call'
actionpack (7.0.3.1) lib/action_dispatch/middleware/executor.rb:14:in `call'
actionpack (7.0.3.1) lib/action_dispatch/middleware/actionable_exceptions.rb:17:in `call'
actionpack (7.0.3.1) lib/action_dispatch/middleware/debug_exceptions.rb:28:in `call'
actionpack (7.0.3.1) lib/action_dispatch/middleware/show_exceptions.rb:26:in `call'
railties (7.0.3.1) lib/rails/rack/logger.rb:40:in `call_app'
railties (7.0.3.1) lib/rails/rack/logger.rb:25:in `block in call'
activesupport (7.0.3.1) lib/active_support/tagged_logging.rb:114:in `block in tagged'
activesupport (7.0.3.1) lib/active_support/tagged_logging.rb:38:in `tagged'
activesupport (7.0.3.1) lib/active_support/tagged_logging.rb:114:in `tagged'
railties (7.0.3.1) lib/rails/rack/logger.rb:25:in `call'
actionpack (7.0.3.1) lib/action_dispatch/middleware/remote_ip.rb:93:in `call'
actionpack (7.0.3.1) lib/action_dispatch/middleware/request_id.rb:26:in `call'
rack (2.2.4) lib/rack/runtime.rb:22:in `call'
activesupport (7.0.3.1) lib/active_support/cache/strategy/local_cache_middleware.rb:29:in `call'
actionpack (7.0.3.1) lib/action_dispatch/middleware/server_timing.rb:20:in `call'
actionpack (7.0.3.1) lib/action_dispatch/middleware/executor.rb:14:in `call'
actionpack (7.0.3.1) lib/action_dispatch/middleware/static.rb:23:in `call'
rack (2.2.4) lib/rack/sendfile.rb:110:in `call'
actionpack (7.0.3.1) lib/action_dispatch/middleware/host_authorization.rb:137:in `call'
railties (7.0.3.1) lib/rails/engine.rb:530:in `call'
puma (5.6.4) lib/puma/configuration.rb:252:in `call'
puma (5.6.4) lib/puma/request.rb:77:in `block in handle_request'
puma (5.6.4) lib/puma/thread_pool.rb:340:in `with_force_shutdown'
puma (5.6.4) lib/puma/request.rb:76:in `handle_request'
puma (5.6.4) lib/puma/server.rb:441:in `process_client'
puma (5.6.4) lib/puma/thread_pool.rb:147:in `block in spawn_thread'
Started GET "/3yEZwQ" for 127.0.0.1 at 2022-07-30 18:44:48 -0500
  [1m[36mActiveRecord::SchemaMigration Pluck (98.0ms)[0m  [1m[34mSELECT "schema_migrations"."version" FROM "schema_migrations" ORDER BY "schema_migrations"."version" ASC[0m
Processing by RedirectController#redirect as HTML
  Parameters: {"short_code"=>"3yEZwQ"}
  [1m[36mUrlManager Load (179.0ms)[0m  [1m[34mSELECT "url_managers".* FROM "url_managers" WHERE "url_managers"."short_code" = $1 LIMIT $2[0m  [["short_code", "3yEZwQ"], ["LIMIT", 1]]
  ↳ app/controllers/redirect_controller.rb:6:in `redirect'
  [1m[36mTRANSACTION (152.8ms)[0m  [1m[35mBEGIN[0m
  ↳ app/controllers/redirect_controller.rb:10:in `redirect'
  [1m[36mUrlManager Exists? (73.5ms)[0m  [1m[34mSELECT 1 AS one FROM "url_managers" WHERE "url_managers"."short_code" = $1 AND "url_managers"."id" != $2 LIMIT $3[0m  [["short_code", "3yEZwQ"], ["id", 1], ["LIMIT", 1]]
  ↳ app/controllers/redirect_controller.rb:10:in `redirect'
  [1m[36mUrlManager Update (73.1ms)[0m  [1m[33mUPDATE "url_managers" SET "counter" = $1, "updated_at" = $2 WHERE "url_managers"."id" = $3[0m  [["counter", 7], ["updated_at", "2022-07-30 23:44:52.357632"], ["id", 1]]
  ↳ app/controllers/redirect_controller.rb:10:in `redirect'
  [1m[36mTRANSACTION (83.2ms)[0m  [1m[35mCOMMIT[0m
  ↳ app/controllers/redirect_controller.rb:10:in `redirect'
Completed 302 Found in 1076ms (Views: 0.4ms | ActiveRecord: 938.2ms | Allocations: 24219)


Started GET "/3yEZwQ" for ::1 at 2022-07-30 18:45:26 -0500
Processing by RedirectController#redirect as */*
  Parameters: {"short_code"=>"3yEZwQ"}
  [1m[36mUrlManager Load (72.4ms)[0m  [1m[34mSELECT "url_managers".* FROM "url_managers" WHERE "url_managers"."short_code" = $1 LIMIT $2[0m  [["short_code", "3yEZwQ"], ["LIMIT", 1]]
  ↳ app/controllers/redirect_controller.rb:6:in `redirect'
  [1m[36mTRANSACTION (72.0ms)[0m  [1m[35mBEGIN[0m
  ↳ app/controllers/redirect_controller.rb:10:in `redirect'
  [1m[36mUrlManager Exists? (73.5ms)[0m  [1m[34mSELECT 1 AS one FROM "url_managers" WHERE "url_managers"."short_code" = $1 AND "url_managers"."id" != $2 LIMIT $3[0m  [["short_code", "3yEZwQ"], ["id", 1], ["LIMIT", 1]]
  ↳ app/controllers/redirect_controller.rb:10:in `redirect'
  [1m[36mUrlManager Update (72.5ms)[0m  [1m[33mUPDATE "url_managers" SET "counter" = $1, "updated_at" = $2 WHERE "url_managers"."id" = $3[0m  [["counter", 8], ["updated_at", "2022-07-30 23:45:26.493122"], ["id", 1]]
  ↳ app/controllers/redirect_controller.rb:10:in `redirect'
  [1m[36mTRANSACTION (74.3ms)[0m  [1m[35mCOMMIT[0m
  ↳ app/controllers/redirect_controller.rb:10:in `redirect'
Completed 302 Found in 456ms (Views: 0.2ms | ActiveRecord: 364.7ms | Allocations: 2996)


Started GET "/3yEZwQ" for ::1 at 2022-07-30 18:46:24 -0500
Processing by RedirectController#redirect as */*
  Parameters: {"short_code"=>"3yEZwQ"}
  [1m[36mUrlManager Load (71.9ms)[0m  [1m[34mSELECT "url_managers".* FROM "url_managers" WHERE "url_managers"."short_code" = $1 LIMIT $2[0m  [["short_code", "3yEZwQ"], ["LIMIT", 1]]
  ↳ app/controllers/redirect_controller.rb:6:in `redirect'
  [1m[36mTRANSACTION (75.2ms)[0m  [1m[35mBEGIN[0m
  ↳ app/controllers/redirect_controller.rb:10:in `redirect'
  [1m[36mUrlManager Exists? (72.7ms)[0m  [1m[34mSELECT 1 AS one FROM "url_managers" WHERE "url_managers"."short_code" = $1 AND "url_managers"."id" != $2 LIMIT $3[0m  [["short_code", "3yEZwQ"], ["id", 1], ["LIMIT", 1]]
  ↳ app/controllers/redirect_controller.rb:10:in `redirect'
  [1m[36mUrlManager Update (78.0ms)[0m  [1m[33mUPDATE "url_managers" SET "counter" = $1, "updated_at" = $2 WHERE "url_managers"."id" = $3[0m  [["counter", 9], ["updated_at", "2022-07-30 23:46:25.120231"], ["id", 1]]
  ↳ app/controllers/redirect_controller.rb:10:in `redirect'
  [1m[36mTRANSACTION (74.8ms)[0m  [1m[35mCOMMIT[0m
  ↳ app/controllers/redirect_controller.rb:10:in `redirect'
Completed 302 Found in 724ms (Views: 0.3ms | ActiveRecord: 608.3ms | Allocations: 6291)


Started GET "/3yEZwQ" for 127.0.0.1 at 2022-07-30 18:59:15 -0500
  [1m[36mActiveRecord::SchemaMigration Pluck (69.7ms)[0m  [1m[34mSELECT "schema_migrations"."version" FROM "schema_migrations" ORDER BY "schema_migrations"."version" ASC[0m
Processing by RedirectController#redirect as HTML
  Parameters: {"short_code"=>"3yEZwQ"}
  [1m[36mUrlManager Load (75.1ms)[0m  [1m[34mSELECT "url_managers".* FROM "url_managers" WHERE "url_managers"."short_code" = $1 LIMIT $2[0m  [["short_code", "3yEZwQ"], ["LIMIT", 1]]
  ↳ app/controllers/redirect_controller.rb:6:in `redirect'
  [1m[36mTRANSACTION (79.3ms)[0m  [1m[35mBEGIN[0m
  ↳ app/controllers/redirect_controller.rb:10:in `redirect'
  [1m[36mUrlManager Exists? (72.2ms)[0m  [1m[34mSELECT 1 AS one FROM "url_managers" WHERE "url_managers"."short_code" = $1 AND "url_managers"."id" != $2 LIMIT $3[0m  [["short_code", "3yEZwQ"], ["id", 1], ["LIMIT", 1]]
  ↳ app/controllers/redirect_controller.rb:10:in `redirect'
  [1m[36mUrlManager Update (98.6ms)[0m  [1m[33mUPDATE "url_managers" SET "counter" = $1, "updated_at" = $2 WHERE "url_managers"."id" = $3[0m  [["counter", 10], ["updated_at", "2022-07-30 23:59:18.333034"], ["id", 1]]
  ↳ app/controllers/redirect_controller.rb:10:in `redirect'
  [1m[36mTRANSACTION (72.5ms)[0m  [1m[35mCOMMIT[0m
  ↳ app/controllers/redirect_controller.rb:10:in `redirect'
Completed 302 Found in 899ms (Views: 0.3ms | ActiveRecord: 754.8ms | Allocations: 24219)


Started GET "/3yEZwQ" for 127.0.0.1 at 2022-07-30 19:09:20 -0500
Processing by RedirectController#redirect as HTML
  Parameters: {"short_code"=>"3yEZwQ"}
  [1m[36mUrlManager Load (77.0ms)[0m  [1m[34mSELECT "url_managers".* FROM "url_managers" WHERE "url_managers"."short_code" = $1 LIMIT $2[0m  [["short_code", "3yEZwQ"], ["LIMIT", 1]]
  ↳ app/controllers/redirect_controller.rb:6:in `redirect'
  [1m[36mTRANSACTION (69.1ms)[0m  [1m[35mBEGIN[0m
  ↳ app/controllers/redirect_controller.rb:10:in `redirect'
  [1m[36mUrlManager Exists? (70.2ms)[0m  [1m[34mSELECT 1 AS one FROM "url_managers" WHERE "url_managers"."short_code" = $1 AND "url_managers"."id" != $2 LIMIT $3[0m  [["short_code", "3yEZwQ"], ["id", 1], ["LIMIT", 1]]
  ↳ app/controllers/redirect_controller.rb:10:in `redirect'
  [1m[36mUrlManager Update (69.6ms)[0m  [1m[33mUPDATE "url_managers" SET "counter" = $1, "updated_at" = $2 WHERE "url_managers"."id" = $3[0m  [["counter", 11], ["updated_at", "2022-07-31 00:09:23.049602"], ["id", 1]]
  ↳ app/controllers/redirect_controller.rb:10:in `redirect'
  [1m[36mTRANSACTION (89.3ms)[0m  [1m[35mCOMMIT[0m
  ↳ app/controllers/redirect_controller.rb:10:in `redirect'
Completed 500 Internal Server Error in 2223ms (ActiveRecord: 1455.1ms | Allocations: 9072)


  
ArgumentError (wrong number of arguments (given 2, expected 0)):
  
app/controllers/redirect_controller.rb:5:in `redirect'
app/controllers/redirect_controller.rb:12:in `redirect'
Started GET "/3yEZwQ" for 127.0.0.1 at 2022-07-30 19:09:59 -0500
Processing by RedirectController#redirect as HTML
  Parameters: {"short_code"=>"3yEZwQ"}
  [1m[36mUrlManager Load (71.9ms)[0m  [1m[34mSELECT "url_managers".* FROM "url_managers" WHERE "url_managers"."short_code" = $1 LIMIT $2[0m  [["short_code", "3yEZwQ"], ["LIMIT", 1]]
  ↳ app/controllers/redirect_controller.rb:6:in `redirect'
  [1m[36mTRANSACTION (84.4ms)[0m  [1m[35mBEGIN[0m
  ↳ app/controllers/redirect_controller.rb:10:in `redirect'
  [1m[36mUrlManager Exists? (70.9ms)[0m  [1m[34mSELECT 1 AS one FROM "url_managers" WHERE "url_managers"."short_code" = $1 AND "url_managers"."id" != $2 LIMIT $3[0m  [["short_code", "3yEZwQ"], ["id", 1], ["LIMIT", 1]]
  ↳ app/controllers/redirect_controller.rb:10:in `redirect'
  [1m[36mUrlManager Update (80.4ms)[0m  [1m[33mUPDATE "url_managers" SET "counter" = $1, "updated_at" = $2 WHERE "url_managers"."id" = $3[0m  [["counter", 12], ["updated_at", "2022-07-31 00:10:00.549637"], ["id", 1]]
  ↳ app/controllers/redirect_controller.rb:10:in `redirect'
  [1m[36mTRANSACTION (69.4ms)[0m  [1m[35mCOMMIT[0m
  ↳ app/controllers/redirect_controller.rb:10:in `redirect'
Completed 500 Internal Server Error in 848ms (ActiveRecord: 737.6ms | Allocations: 8056)


  
NameError (uninitialized constant RedirectController::Response):
  
app/controllers/redirect_controller.rb:12:in `redirect'
Started GET "/3yEZwQ" for 127.0.0.1 at 2022-07-30 19:13:15 -0500
Processing by RedirectController#redirect as HTML
  Parameters: {"short_code"=>"3yEZwQ"}
  [1m[36mUrlManager Load (83.5ms)[0m  [1m[34mSELECT "url_managers".* FROM "url_managers" WHERE "url_managers"."short_code" = $1 LIMIT $2[0m  [["short_code", "3yEZwQ"], ["LIMIT", 1]]
  ↳ app/controllers/redirect_controller.rb:6:in `redirect'
  [1m[36mTRANSACTION (72.4ms)[0m  [1m[35mBEGIN[0m
  ↳ app/controllers/redirect_controller.rb:10:in `redirect'
  [1m[36mUrlManager Exists? (73.7ms)[0m  [1m[34mSELECT 1 AS one FROM "url_managers" WHERE "url_managers"."short_code" = $1 AND "url_managers"."id" != $2 LIMIT $3[0m  [["short_code", "3yEZwQ"], ["id", 1], ["LIMIT", 1]]
  ↳ app/controllers/redirect_controller.rb:10:in `redirect'
  [1m[36mUrlManager Update (70.0ms)[0m  [1m[33mUPDATE "url_managers" SET "counter" = $1, "updated_at" = $2 WHERE "url_managers"."id" = $3[0m  [["counter", 13], ["updated_at", "2022-07-31 00:13:16.202908"], ["id", 1]]
  ↳ app/controllers/redirect_controller.rb:10:in `redirect'
  [1m[36mTRANSACTION (73.4ms)[0m  [1m[35mCOMMIT[0m
  ↳ app/controllers/redirect_controller.rb:10:in `redirect'
Completed 302 Found in 742ms (Views: 0.3ms | ActiveRecord: 602.8ms | Allocations: 6275)


Started GET "/3yEZwQ" for ::1 at 2022-07-30 19:13:24 -0500
Processing by RedirectController#redirect as */*
  Parameters: {"short_code"=>"3yEZwQ"}
  [1m[36mUrlManager Load (71.5ms)[0m  [1m[34mSELECT "url_managers".* FROM "url_managers" WHERE "url_managers"."short_code" = $1 LIMIT $2[0m  [["short_code", "3yEZwQ"], ["LIMIT", 1]]
  ↳ app/controllers/redirect_controller.rb:6:in `redirect'
  [1m[36mTRANSACTION (69.6ms)[0m  [1m[35mBEGIN[0m
  ↳ app/controllers/redirect_controller.rb:10:in `redirect'
  [1m[36mUrlManager Exists? (78.6ms)[0m  [1m[34mSELECT 1 AS one FROM "url_managers" WHERE "url_managers"."short_code" = $1 AND "url_managers"."id" != $2 LIMIT $3[0m  [["short_code", "3yEZwQ"], ["id", 1], ["LIMIT", 1]]
  ↳ app/controllers/redirect_controller.rb:10:in `redirect'
  [1m[36mUrlManager Update (71.1ms)[0m  [1m[33mUPDATE "url_managers" SET "counter" = $1, "updated_at" = $2 WHERE "url_managers"."id" = $3[0m  [["counter", 14], ["updated_at", "2022-07-31 00:13:24.968195"], ["id", 1]]
  ↳ app/controllers/redirect_controller.rb:10:in `redirect'
  [1m[36mTRANSACTION (74.3ms)[0m  [1m[35mCOMMIT[0m
  ↳ app/controllers/redirect_controller.rb:10:in `redirect'
Completed 302 Found in 699ms (Views: 0.3ms | ActiveRecord: 598.4ms | Allocations: 6268)


Started GET "/3yEZwQ" for ::1 at 2022-07-30 19:13:57 -0500
Processing by RedirectController#redirect as */*
  Parameters: {"short_code"=>"3yEZwQ"}
  [1m[36mUrlManager Load (70.3ms)[0m  [1m[34mSELECT "url_managers".* FROM "url_managers" WHERE "url_managers"."short_code" = $1 LIMIT $2[0m  [["short_code", "3yEZwQ"], ["LIMIT", 1]]
  ↳ app/controllers/redirect_controller.rb:6:in `redirect'
  [1m[36mTRANSACTION (129.8ms)[0m  [1m[35mBEGIN[0m
  ↳ app/controllers/redirect_controller.rb:10:in `redirect'
  [1m[36mUrlManager Exists? (188.2ms)[0m  [1m[34mSELECT 1 AS one FROM "url_managers" WHERE "url_managers"."short_code" = $1 AND "url_managers"."id" != $2 LIMIT $3[0m  [["short_code", "3yEZwQ"], ["id", 1], ["LIMIT", 1]]
  ↳ app/controllers/redirect_controller.rb:10:in `redirect'
  [1m[36mUrlManager Update (91.5ms)[0m  [1m[33mUPDATE "url_managers" SET "counter" = $1, "updated_at" = $2 WHERE "url_managers"."id" = $3[0m  [["counter", 15], ["updated_at", "2022-07-31 00:13:59.167601"], ["id", 1]]
  ↳ app/controllers/redirect_controller.rb:10:in `redirect'
  [1m[36mTRANSACTION (71.4ms)[0m  [1m[35mCOMMIT[0m
  ↳ app/controllers/redirect_controller.rb:10:in `redirect'
Completed 302 Found in 1242ms (Views: 0.2ms | ActiveRecord: 1127.7ms | Allocations: 6268)


Started GET "/3yEZwQ" for 127.0.0.1 at 2022-07-30 19:15:57 -0500
Processing by RedirectController#redirect as HTML
  Parameters: {"short_code"=>"3yEZwQ"}
  [1m[36mUrlManager Load (628.1ms)[0m  [1m[34mSELECT "url_managers".* FROM "url_managers" WHERE "url_managers"."short_code" = $1 LIMIT $2[0m  [["short_code", "3yEZwQ"], ["LIMIT", 1]]
  ↳ app/controllers/redirect_controller.rb:6:in `redirect'
  [1m[36mTRANSACTION (931.6ms)[0m  [1m[35mBEGIN[0m
  ↳ app/controllers/redirect_controller.rb:10:in `redirect'
  [1m[36mUrlManager Exists? (69.4ms)[0m  [1m[34mSELECT 1 AS one FROM "url_managers" WHERE "url_managers"."short_code" = $1 AND "url_managers"."id" != $2 LIMIT $3[0m  [["short_code", "3yEZwQ"], ["id", 1], ["LIMIT", 1]]
  ↳ app/controllers/redirect_controller.rb:10:in `redirect'
  [1m[36mUrlManager Update (68.6ms)[0m  [1m[33mUPDATE "url_managers" SET "counter" = $1, "updated_at" = $2 WHERE "url_managers"."id" = $3[0m  [["counter", 16], ["updated_at", "2022-07-31 00:15:59.479563"], ["id", 1]]
  ↳ app/controllers/redirect_controller.rb:10:in `redirect'
  [1m[36mTRANSACTION (2393.6ms)[0m  [1m[35mCOMMIT[0m
  ↳ app/controllers/redirect_controller.rb:10:in `redirect'
Completed 302 Found in 4630ms (Views: 0.3ms | ActiveRecord: 4474.0ms | Allocations: 6289)


Started GET "/3yEZwQ" for ::1 at 2022-07-30 19:16:06 -0500
Processing by RedirectController#redirect as */*
  Parameters: {"short_code"=>"3yEZwQ"}
  [1m[36mUrlManager Load (77.4ms)[0m  [1m[34mSELECT "url_managers".* FROM "url_managers" WHERE "url_managers"."short_code" = $1 LIMIT $2[0m  [["short_code", "3yEZwQ"], ["LIMIT", 1]]
  ↳ app/controllers/redirect_controller.rb:6:in `redirect'
  [1m[36mTRANSACTION (71.3ms)[0m  [1m[35mBEGIN[0m
  ↳ app/controllers/redirect_controller.rb:10:in `redirect'
  [1m[36mUrlManager Exists? (74.9ms)[0m  [1m[34mSELECT 1 AS one FROM "url_managers" WHERE "url_managers"."short_code" = $1 AND "url_managers"."id" != $2 LIMIT $3[0m  [["short_code", "3yEZwQ"], ["id", 1], ["LIMIT", 1]]
  ↳ app/controllers/redirect_controller.rb:10:in `redirect'
  [1m[36mUrlManager Update (73.4ms)[0m  [1m[33mUPDATE "url_managers" SET "counter" = $1, "updated_at" = $2 WHERE "url_managers"."id" = $3[0m  [["counter", 17], ["updated_at", "2022-07-31 00:16:06.479070"], ["id", 1]]
  ↳ app/controllers/redirect_controller.rb:10:in `redirect'
  [1m[36mTRANSACTION (73.3ms)[0m  [1m[35mCOMMIT[0m
  ↳ app/controllers/redirect_controller.rb:10:in `redirect'
Completed 302 Found in 461ms (Views: 0.2ms | ActiveRecord: 370.4ms | Allocations: 2973)


Started GET "/3yEZwQ" for ::1 at 2022-07-30 19:17:37 -0500
Processing by RedirectController#redirect as */*
  Parameters: {"short_code"=>"3yEZwQ"}
  [1m[36mUrlManager Load (71.2ms)[0m  [1m[34mSELECT "url_managers".* FROM "url_managers" WHERE "url_managers"."short_code" = $1 LIMIT $2[0m  [["short_code", "3yEZwQ"], ["LIMIT", 1]]
  ↳ app/controllers/redirect_controller.rb:6:in `redirect'
  [1m[36mTRANSACTION (78.0ms)[0m  [1m[35mBEGIN[0m
  ↳ app/controllers/redirect_controller.rb:10:in `redirect'
  [1m[36mUrlManager Exists? (261.9ms)[0m  [1m[34mSELECT 1 AS one FROM "url_managers" WHERE "url_managers"."short_code" = $1 AND "url_managers"."id" != $2 LIMIT $3[0m  [["short_code", "3yEZwQ"], ["id", 1], ["LIMIT", 1]]
  ↳ app/controllers/redirect_controller.rb:10:in `redirect'
  [1m[36mUrlManager Update (722.0ms)[0m  [1m[33mUPDATE "url_managers" SET "counter" = $1, "updated_at" = $2 WHERE "url_managers"."id" = $3[0m  [["counter", 18], ["updated_at", "2022-07-31 00:17:38.468087"], ["id", 1]]
  ↳ app/controllers/redirect_controller.rb:10:in `redirect'
  [1m[36mTRANSACTION (77.0ms)[0m  [1m[35mCOMMIT[0m
  ↳ app/controllers/redirect_controller.rb:10:in `redirect'
Completed 302 Found in 1583ms (Views: 0.3ms | ActiveRecord: 1427.2ms | Allocations: 6267)


Started GET "/3yEZwQ" for ::1 at 2022-07-30 19:17:59 -0500
Processing by RedirectController#redirect as */*
  Parameters: {"short_code"=>"3yEZwQ"}
  [1m[36mUrlManager Load (81.6ms)[0m  [1m[34mSELECT "url_managers".* FROM "url_managers" WHERE "url_managers"."short_code" = $1 LIMIT $2[0m  [["short_code", "3yEZwQ"], ["LIMIT", 1]]
  ↳ app/controllers/redirect_controller.rb:6:in `redirect'
  [1m[36mTRANSACTION (71.8ms)[0m  [1m[35mBEGIN[0m
  ↳ app/controllers/redirect_controller.rb:10:in `redirect'
  [1m[36mUrlManager Exists? (73.3ms)[0m  [1m[34mSELECT 1 AS one FROM "url_managers" WHERE "url_managers"."short_code" = $1 AND "url_managers"."id" != $2 LIMIT $3[0m  [["short_code", "3yEZwQ"], ["id", 1], ["LIMIT", 1]]
  ↳ app/controllers/redirect_controller.rb:10:in `redirect'
  [1m[36mUrlManager Update (80.7ms)[0m  [1m[33mUPDATE "url_managers" SET "counter" = $1, "updated_at" = $2 WHERE "url_managers"."id" = $3[0m  [["counter", 19], ["updated_at", "2022-07-31 00:18:00.018367"], ["id", 1]]
  ↳ app/controllers/redirect_controller.rb:10:in `redirect'
  [1m[36mTRANSACTION (75.1ms)[0m  [1m[35mCOMMIT[0m
  ↳ app/controllers/redirect_controller.rb:10:in `redirect'
Completed 302 Found in 706ms (Views: 0.3ms | ActiveRecord: 605.1ms | Allocations: 6264)


Started GET "/3yEZwQ" for ::1 at 2022-07-30 19:18:46 -0500
  
SyntaxError (/home/edd/repos/url-shortener/app/controllers/redirect_controller.rb:11: syntax error, unexpected ':', expecting `end'
      return status: 302, header: { location: url...
                   ^
):
  
app/controllers/redirect_controller.rb:11: syntax error, unexpected ':', expecting `end'
app/controllers/redirect_controller.rb:11: syntax error, unexpected ':', expecting `end'
Started GET "/3yEZwQ" for ::1 at 2022-07-30 19:19:22 -0500
Processing by RedirectController#redirect as */*
  Parameters: {"short_code"=>"3yEZwQ"}
  [1m[36mUrlManager Load (73.6ms)[0m  [1m[34mSELECT "url_managers".* FROM "url_managers" WHERE "url_managers"."short_code" = $1 LIMIT $2[0m  [["short_code", "3yEZwQ"], ["LIMIT", 1]]
  ↳ app/controllers/redirect_controller.rb:6:in `redirect'
  [1m[36mTRANSACTION (73.0ms)[0m  [1m[35mBEGIN[0m
  ↳ app/controllers/redirect_controller.rb:10:in `redirect'
  [1m[36mUrlManager Exists? (76.0ms)[0m  [1m[34mSELECT 1 AS one FROM "url_managers" WHERE "url_managers"."short_code" = $1 AND "url_managers"."id" != $2 LIMIT $3[0m  [["short_code", "3yEZwQ"], ["id", 1], ["LIMIT", 1]]
  ↳ app/controllers/redirect_controller.rb:10:in `redirect'
  [1m[36mUrlManager Update (69.8ms)[0m  [1m[33mUPDATE "url_managers" SET "counter" = $1, "updated_at" = $2 WHERE "url_managers"."id" = $3[0m  [["counter", 20], ["updated_at", "2022-07-31 00:19:23.342853"], ["id", 1]]
  ↳ app/controllers/redirect_controller.rb:10:in `redirect'
  [1m[36mTRANSACTION (73.2ms)[0m  [1m[35mCOMMIT[0m
  ↳ app/controllers/redirect_controller.rb:10:in `redirect'
Completed 204 No Content in 701ms (ActiveRecord: 597.8ms | Allocations: 6214)


Started GET "/3yEZwQ" for ::1 at 2022-07-30 19:19:32 -0500
Processing by RedirectController#redirect as */*
  Parameters: {"short_code"=>"3yEZwQ"}
  [1m[36mUrlManager Load (68.7ms)[0m  [1m[34mSELECT "url_managers".* FROM "url_managers" WHERE "url_managers"."short_code" = $1 LIMIT $2[0m  [["short_code", "3yEZwQ"], ["LIMIT", 1]]
  ↳ app/controllers/redirect_controller.rb:6:in `redirect'
  [1m[36mTRANSACTION (68.5ms)[0m  [1m[35mBEGIN[0m
  ↳ app/controllers/redirect_controller.rb:10:in `redirect'
  [1m[36mUrlManager Exists? (69.5ms)[0m  [1m[34mSELECT 1 AS one FROM "url_managers" WHERE "url_managers"."short_code" = $1 AND "url_managers"."id" != $2 LIMIT $3[0m  [["short_code", "3yEZwQ"], ["id", 1], ["LIMIT", 1]]
  ↳ app/controllers/redirect_controller.rb:10:in `redirect'
  [1m[36mUrlManager Update (78.0ms)[0m  [1m[33mUPDATE "url_managers" SET "counter" = $1, "updated_at" = $2 WHERE "url_managers"."id" = $3[0m  [["counter", 21], ["updated_at", "2022-07-31 00:19:33.323530"], ["id", 1]]
  ↳ app/controllers/redirect_controller.rb:10:in `redirect'
  [1m[36mTRANSACTION (72.2ms)[0m  [1m[35mCOMMIT[0m
  ↳ app/controllers/redirect_controller.rb:10:in `redirect'
Completed 204 No Content in 705ms (ActiveRecord: 603.4ms | Allocations: 6256)


Started GET "/3yEZwQ" for ::1 at 2022-07-30 19:23:48 -0500
Processing by RedirectController#redirect as */*
  Parameters: {"short_code"=>"3yEZwQ"}
  [1m[36mUrlManager Load (71.9ms)[0m  [1m[34mSELECT "url_managers".* FROM "url_managers" WHERE "url_managers"."short_code" = $1 LIMIT $2[0m  [["short_code", "3yEZwQ"], ["LIMIT", 1]]
  ↳ app/controllers/redirect_controller.rb:6:in `redirect'
  [1m[36mTRANSACTION (84.1ms)[0m  [1m[35mBEGIN[0m
  ↳ app/controllers/redirect_controller.rb:10:in `redirect'
  [1m[36mUrlManager Exists? (73.5ms)[0m  [1m[34mSELECT 1 AS one FROM "url_managers" WHERE "url_managers"."short_code" = $1 AND "url_managers"."id" != $2 LIMIT $3[0m  [["short_code", "3yEZwQ"], ["id", 1], ["LIMIT", 1]]
  ↳ app/controllers/redirect_controller.rb:10:in `redirect'
  [1m[36mUrlManager Update (93.1ms)[0m  [1m[33mUPDATE "url_managers" SET "counter" = $1, "updated_at" = $2 WHERE "url_managers"."id" = $3[0m  [["counter", 22], ["updated_at", "2022-07-31 00:23:50.248502"], ["id", 1]]
  ↳ app/controllers/redirect_controller.rb:10:in `redirect'
  [1m[36mTRANSACTION (81.3ms)[0m  [1m[35mCOMMIT[0m
  ↳ app/controllers/redirect_controller.rb:10:in `redirect'
Completed 204 No Content in 811ms (ActiveRecord: 626.7ms | Allocations: 6368)


Started GET "/3yEZwQ" for ::1 at 2022-07-30 19:24:04 -0500
  
SyntaxError (/home/edd/repos/url-shortener/app/controllers/redirect_controller.rb:11: syntax error, unexpected ':', expecting `end'
      redirect_to: url.url
                 ^
):
  
app/controllers/redirect_controller.rb:11: syntax error, unexpected ':', expecting `end'
app/controllers/redirect_controller.rb:11: syntax error, unexpected ':', expecting `end'
Started GET "/3yEZwQ" for ::1 at 2022-07-30 19:24:16 -0500
Processing by RedirectController#redirect as */*
  Parameters: {"short_code"=>"3yEZwQ"}
  [1m[36mUrlManager Load (70.8ms)[0m  [1m[34mSELECT "url_managers".* FROM "url_managers" WHERE "url_managers"."short_code" = $1 LIMIT $2[0m  [["short_code", "3yEZwQ"], ["LIMIT", 1]]
  ↳ app/controllers/redirect_controller.rb:6:in `redirect'
  [1m[36mTRANSACTION (70.4ms)[0m  [1m[35mBEGIN[0m
  ↳ app/controllers/redirect_controller.rb:10:in `redirect'
  [1m[36mUrlManager Exists? (74.1ms)[0m  [1m[34mSELECT 1 AS one FROM "url_managers" WHERE "url_managers"."short_code" = $1 AND "url_managers"."id" != $2 LIMIT $3[0m  [["short_code", "3yEZwQ"], ["id", 1], ["LIMIT", 1]]
  ↳ app/controllers/redirect_controller.rb:10:in `redirect'
  [1m[36mUrlManager Update (72.4ms)[0m  [1m[33mUPDATE "url_managers" SET "counter" = $1, "updated_at" = $2 WHERE "url_managers"."id" = $3[0m  [["counter", 23], ["updated_at", "2022-07-31 00:24:17.464802"], ["id", 1]]
  ↳ app/controllers/redirect_controller.rb:10:in `redirect'
  [1m[36mTRANSACTION (71.8ms)[0m  [1m[35mCOMMIT[0m
  ↳ app/controllers/redirect_controller.rb:10:in `redirect'
Redirected to 
Completed 500 Internal Server Error in 692ms (ActiveRecord: 593.9ms | Allocations: 6373)


  
ActionController::Redirecting::UnsafeRedirectError (Unsafe redirect to "https://www.google.com", pass allow_other_host: true to redirect anyway.):
  
app/controllers/redirect_controller.rb:11:in `redirect'
Started GET "/3yEZwQ" for ::1 at 2022-07-30 19:26:50 -0500
Processing by RedirectController#redirect as */*
  Parameters: {"short_code"=>"3yEZwQ"}
  [1m[36mUrlManager Load (72.5ms)[0m  [1m[34mSELECT "url_managers".* FROM "url_managers" WHERE "url_managers"."short_code" = $1 LIMIT $2[0m  [["short_code", "3yEZwQ"], ["LIMIT", 1]]
  ↳ app/controllers/redirect_controller.rb:6:in `redirect'
  [1m[36mTRANSACTION (68.6ms)[0m  [1m[35mBEGIN[0m
  ↳ app/controllers/redirect_controller.rb:10:in `redirect'
  [1m[36mUrlManager Exists? (69.3ms)[0m  [1m[34mSELECT 1 AS one FROM "url_managers" WHERE "url_managers"."short_code" = $1 AND "url_managers"."id" != $2 LIMIT $3[0m  [["short_code", "3yEZwQ"], ["id", 1], ["LIMIT", 1]]
  ↳ app/controllers/redirect_controller.rb:10:in `redirect'
  [1m[36mUrlManager Update (70.3ms)[0m  [1m[33mUPDATE "url_managers" SET "counter" = $1, "updated_at" = $2 WHERE "url_managers"."id" = $3[0m  [["counter", 24], ["updated_at", "2022-07-31 00:26:51.088349"], ["id", 1]]
  ↳ app/controllers/redirect_controller.rb:10:in `redirect'
  [1m[36mTRANSACTION (80.2ms)[0m  [1m[35mCOMMIT[0m
  ↳ app/controllers/redirect_controller.rb:10:in `redirect'
Redirected to https://www.google.com
Completed 302 Found in 715ms (ActiveRecord: 613.3ms | Allocations: 6257)


Started GET "/3yEZwQ" for ::1 at 2022-07-30 19:27:09 -0500
Processing by RedirectController#redirect as */*
  Parameters: {"short_code"=>"3yEZwQ"}
  [1m[36mUrlManager Load (70.0ms)[0m  [1m[34mSELECT "url_managers".* FROM "url_managers" WHERE "url_managers"."short_code" = $1 LIMIT $2[0m  [["short_code", "3yEZwQ"], ["LIMIT", 1]]
  ↳ app/controllers/redirect_controller.rb:6:in `redirect'
  [1m[36mTRANSACTION (73.1ms)[0m  [1m[35mBEGIN[0m
  ↳ app/controllers/redirect_controller.rb:10:in `redirect'
  [1m[36mUrlManager Exists? (72.9ms)[0m  [1m[34mSELECT 1 AS one FROM "url_managers" WHERE "url_managers"."short_code" = $1 AND "url_managers"."id" != $2 LIMIT $3[0m  [["short_code", "3yEZwQ"], ["id", 1], ["LIMIT", 1]]
  ↳ app/controllers/redirect_controller.rb:10:in `redirect'
  [1m[36mUrlManager Update (71.2ms)[0m  [1m[33mUPDATE "url_managers" SET "counter" = $1, "updated_at" = $2 WHERE "url_managers"."id" = $3[0m  [["counter", 25], ["updated_at", "2022-07-31 00:27:10.180923"], ["id", 1]]
  ↳ app/controllers/redirect_controller.rb:10:in `redirect'
  [1m[36mTRANSACTION (70.6ms)[0m  [1m[35mCOMMIT[0m
  ↳ app/controllers/redirect_controller.rb:10:in `redirect'
Redirected to https://www.google.com
Completed 302 Found in 446ms (ActiveRecord: 357.7ms | Allocations: 2983)


